18:50:08 INFO  config.ConfigurationScheduler - Start test-->loginSuccessTest
18:50:09 INFO  config.AppiumListener - Start find element-->By.xpath: //*[@resource-id='com.example.svetlana.scheduler:id/app_version_res']
18:50:09 INFO  config.AppiumListener - The element was found-->By.xpath: //*[@resource-id='com.example.svetlana.scheduler:id/app_version_res']
18:50:10 INFO  config.AppiumListener - Start find element-->By.xpath: //*[@resource-id='com.example.svetlana.scheduler:id/log_email_input']
18:50:10 INFO  config.AppiumListener - The element was found-->By.xpath: //*[@resource-id='com.example.svetlana.scheduler:id/log_email_input']
18:50:10 ERROR config.AppiumListener - Problem-->An element could not be located on the page using the given search parameters.
For documentation on this error, please visit: https://www.seleniumhq.org/exceptions/no_such_element.html
Build info: version: '3.141.59', revision: 'e82be7d358', time: '2018-11-14T08:17:03'
System info: host: 'LAPTOP-44JBEN25', ip: '172.20.10.2', os.name: 'Windows 10', os.arch: 'amd64', os.version: '10.0', java.version: '1.8.0_301'
Driver info: io.appium.java_client.AppiumDriver
Capabilities {app: C:\Tools\v.0.0.3.apk, appActivity: .presentation.splashScreen...., appPackage: com.example.svetlana.scheduler, automationName: Appium, databaseEnabled: false, desired: {app: C:\Tools\v.0.0.3.apk, appActivity: .presentation.splashScreen...., appPackage: com.example.svetlana.scheduler, automationName: Appium, deviceName: Nexus_5, platformName: android, platformVersion: 8.0}, deviceApiLevel: 26, deviceManufacturer: Google, deviceModel: Android SDK built for x86, deviceName: emulator-5554, deviceScreenDensity: 480, deviceScreenSize: 1080x1920, deviceUDID: emulator-5554, javascriptEnabled: true, locationContextEnabled: false, networkConnectionEnabled: true, pixelRatio: 3, platform: LINUX, platformName: Android, platformVersion: 8.0.0, statBarHeight: 72, takesScreenshot: true, viewportRect: {height: 1704, left: 0, top: 72, width: 1080}, warnings: {}, webStorageEnabled: false}
Session ID: 6dcf3e2e-afdb-473f-8a47-9fa8532ec555
*** Element info: {Using=xpath, value=//*[@resource-id='com.example.svetlana.scheduler:id/log_email_input']}[Ljava.lang.StackTraceElement;@1618504f
18:50:11 INFO  config.AppiumListener - Screen with error in file-->C:\Users\gorbu\Documents\GitHub\POM_Qa30_SuperScheduler\src\test\screenshots\scr3011.png
18:50:11 INFO  config.AppiumListener - Start find element-->By.xpath: //*[@resource-id='com.example.svetlana.scheduler:id/log_email_input']
18:50:12 INFO  config.AppiumListener - The element was found-->By.xpath: //*[@resource-id='com.example.svetlana.scheduler:id/log_email_input']
18:50:12 INFO  config.AppiumListener - Start find element-->By.xpath: //*[@resource-id='com.example.svetlana.scheduler:id/log_email_input']
18:50:12 INFO  config.AppiumListener - The element was found-->By.xpath: //*[@resource-id='com.example.svetlana.scheduler:id/log_email_input']
18:50:13 INFO  config.AppiumListener - Start find element-->By.xpath: //*[@resource-id='com.example.svetlana.scheduler:id/log_email_input']
18:50:14 INFO  config.AppiumListener - The element was found-->By.xpath: //*[@resource-id='com.example.svetlana.scheduler:id/log_email_input']
18:50:14 INFO  config.AppiumListener - Start find element-->By.xpath: //*[@resource-id='com.example.svetlana.scheduler:id/log_email_input']
18:50:15 INFO  config.AppiumListener - The element was found-->By.xpath: //*[@resource-id='com.example.svetlana.scheduler:id/log_email_input']
18:50:16 INFO  config.AppiumListener - Start find element-->By.xpath: //*[@resource-id='com.example.svetlana.scheduler:id/log_password_input']
18:50:16 INFO  config.AppiumListener - The element was found-->By.xpath: //*[@resource-id='com.example.svetlana.scheduler:id/log_password_input']
18:50:17 INFO  config.AppiumListener - Start find element-->By.xpath: //*[@resource-id='com.example.svetlana.scheduler:id/log_password_input']
18:50:18 INFO  config.AppiumListener - The element was found-->By.xpath: //*[@resource-id='com.example.svetlana.scheduler:id/log_password_input']
18:50:18 INFO  config.AppiumListener - Start find element-->By.xpath: //*[@resource-id='com.example.svetlana.scheduler:id/log_password_input']
18:50:18 INFO  config.AppiumListener - The element was found-->By.xpath: //*[@resource-id='com.example.svetlana.scheduler:id/log_password_input']
18:50:20 INFO  config.AppiumListener - Start find element-->By.xpath: //*[@resource-id='com.example.svetlana.scheduler:id/login_btn']
18:50:21 INFO  config.AppiumListener - The element was found-->By.xpath: //*[@resource-id='com.example.svetlana.scheduler:id/login_btn']
18:50:21 INFO  config.AppiumListener - Start find element-->By.xpath: //*[@resource-id='com.example.svetlana.scheduler:id/wizard_settings_skip_container']
18:50:22 INFO  config.AppiumListener - The element was found-->By.xpath: //*[@resource-id='com.example.svetlana.scheduler:id/wizard_settings_skip_container']
18:50:22 ERROR config.AppiumListener - Problem-->An element could not be located on the page using the given search parameters.
For documentation on this error, please visit: https://www.seleniumhq.org/exceptions/no_such_element.html
Build info: version: '3.141.59', revision: 'e82be7d358', time: '2018-11-14T08:17:03'
System info: host: 'LAPTOP-44JBEN25', ip: '172.20.10.2', os.name: 'Windows 10', os.arch: 'amd64', os.version: '10.0', java.version: '1.8.0_301'
Driver info: io.appium.java_client.AppiumDriver
Capabilities {app: C:\Tools\v.0.0.3.apk, appActivity: .presentation.splashScreen...., appPackage: com.example.svetlana.scheduler, automationName: Appium, databaseEnabled: false, desired: {app: C:\Tools\v.0.0.3.apk, appActivity: .presentation.splashScreen...., appPackage: com.example.svetlana.scheduler, automationName: Appium, deviceName: Nexus_5, platformName: android, platformVersion: 8.0}, deviceApiLevel: 26, deviceManufacturer: Google, deviceModel: Android SDK built for x86, deviceName: emulator-5554, deviceScreenDensity: 480, deviceScreenSize: 1080x1920, deviceUDID: emulator-5554, javascriptEnabled: true, locationContextEnabled: false, networkConnectionEnabled: true, pixelRatio: 3, platform: LINUX, platformName: Android, platformVersion: 8.0.0, statBarHeight: 72, takesScreenshot: true, viewportRect: {height: 1704, left: 0, top: 72, width: 1080}, warnings: {}, webStorageEnabled: false}
Session ID: 6dcf3e2e-afdb-473f-8a47-9fa8532ec555
*** Element info: {Using=xpath, value=//*[@resource-id='com.example.svetlana.scheduler:id/wizard_settings_skip_container']}[Ljava.lang.StackTraceElement;@47de74d5
18:50:25 INFO  config.AppiumListener - Screen with error in file-->C:\Users\gorbu\Documents\GitHub\POM_Qa30_SuperScheduler\src\test\screenshots\scr3025.png
18:50:25 INFO  config.AppiumListener - Start find element-->By.xpath: //*[@resource-id='com.example.svetlana.scheduler:id/fab_main']
18:50:25 INFO  config.AppiumListener - The element was found-->By.xpath: //*[@resource-id='com.example.svetlana.scheduler:id/fab_main']
18:50:25 INFO  config.AppiumListener - Start find element-->By.xpath: //*[@resource-id='com.example.svetlana.scheduler:id/fab_main']
18:50:25 INFO  config.AppiumListener - The element was found-->By.xpath: //*[@resource-id='com.example.svetlana.scheduler:id/fab_main']
18:50:25 INFO  config.ConfigurationScheduler - Finish the Test-->loginSuccessTest
