21:35:10 INFO  config.ConfigurationScheduler - Start test-->loginComplexTestNegative
21:35:10 INFO  config.ConfigurationScheduler - Test loginDtoNeg starts with email -your2@gmail.com
21:35:10 INFO  config.ConfigurationScheduler - Test loginDtoNeg starts with password -Yy123456
21:35:11 INFO  config.AppiumListener - Start find element-->By.xpath: //*[@resource-id='com.example.svetlana.scheduler:id/log_email_input']
21:35:11 INFO  config.AppiumListener - The element was found-->By.xpath: //*[@resource-id='com.example.svetlana.scheduler:id/log_email_input']
21:35:11 ERROR config.AppiumListener - Problem-->An element could not be located on the page using the given search parameters.
For documentation on this error, please visit: https://www.seleniumhq.org/exceptions/no_such_element.html
Build info: version: '3.141.59', revision: 'e82be7d358', time: '2018-11-14T08:17:03'
System info: host: 'LAPTOP-44JBEN25', ip: '172.20.10.2', os.name: 'Windows 10', os.arch: 'amd64', os.version: '10.0', java.version: '1.8.0_301'
Driver info: io.appium.java_client.AppiumDriver
Capabilities {app: C:\Tools\v.0.0.3.apk, appActivity: .presentation.splashScreen...., appPackage: com.example.svetlana.scheduler, automationName: Appium, databaseEnabled: false, desired: {app: C:\Tools\v.0.0.3.apk, appActivity: .presentation.splashScreen...., appPackage: com.example.svetlana.scheduler, automationName: Appium, deviceName: Nexus_5, platformName: android, platformVersion: 8.0}, deviceApiLevel: 26, deviceManufacturer: Google, deviceModel: Android SDK built for x86, deviceName: emulator-5554, deviceScreenDensity: 480, deviceScreenSize: 1080x1920, deviceUDID: emulator-5554, javascriptEnabled: true, locationContextEnabled: false, networkConnectionEnabled: true, pixelRatio: 3, platform: LINUX, platformName: Android, platformVersion: 8.0.0, statBarHeight: 72, takesScreenshot: true, viewportRect: {height: 1704, left: 0, top: 72, width: 1080}, warnings: {}, webStorageEnabled: false}
Session ID: ce11ab24-a736-4b3a-81a1-3ca2b2dc4d64
*** Element info: {Using=xpath, value=//*[@resource-id='com.example.svetlana.scheduler:id/log_email_input']}[Ljava.lang.StackTraceElement;@774073e5
21:35:12 INFO  config.AppiumListener - Screen with error in file-->C:\Users\gorbu\Documents\GitHub\POM_Qa30_SuperScheduler\src\test\screenshots\scr2112.png
21:35:12 INFO  config.AppiumListener - Start find element-->By.xpath: //*[@resource-id='com.example.svetlana.scheduler:id/log_email_input']
21:35:12 INFO  config.AppiumListener - The element was found-->By.xpath: //*[@resource-id='com.example.svetlana.scheduler:id/log_email_input']
21:35:12 ERROR config.AppiumListener - Problem-->An element could not be located on the page using the given search parameters.
For documentation on this error, please visit: https://www.seleniumhq.org/exceptions/no_such_element.html
Build info: version: '3.141.59', revision: 'e82be7d358', time: '2018-11-14T08:17:03'
System info: host: 'LAPTOP-44JBEN25', ip: '172.20.10.2', os.name: 'Windows 10', os.arch: 'amd64', os.version: '10.0', java.version: '1.8.0_301'
Driver info: io.appium.java_client.AppiumDriver
Capabilities {app: C:\Tools\v.0.0.3.apk, appActivity: .presentation.splashScreen...., appPackage: com.example.svetlana.scheduler, automationName: Appium, databaseEnabled: false, desired: {app: C:\Tools\v.0.0.3.apk, appActivity: .presentation.splashScreen...., appPackage: com.example.svetlana.scheduler, automationName: Appium, deviceName: Nexus_5, platformName: android, platformVersion: 8.0}, deviceApiLevel: 26, deviceManufacturer: Google, deviceModel: Android SDK built for x86, deviceName: emulator-5554, deviceScreenDensity: 480, deviceScreenSize: 1080x1920, deviceUDID: emulator-5554, javascriptEnabled: true, locationContextEnabled: false, networkConnectionEnabled: true, pixelRatio: 3, platform: LINUX, platformName: Android, platformVersion: 8.0.0, statBarHeight: 72, takesScreenshot: true, viewportRect: {height: 1704, left: 0, top: 72, width: 1080}, warnings: {}, webStorageEnabled: false}
Session ID: ce11ab24-a736-4b3a-81a1-3ca2b2dc4d64
*** Element info: {Using=xpath, value=//*[@resource-id='com.example.svetlana.scheduler:id/log_email_input']}[Ljava.lang.StackTraceElement;@5cc51978
21:35:13 INFO  config.AppiumListener - Screen with error in file-->C:\Users\gorbu\Documents\GitHub\POM_Qa30_SuperScheduler\src\test\screenshots\scr2113.png
21:35:13 INFO  config.AppiumListener - Start find element-->By.xpath: //*[@resource-id='com.example.svetlana.scheduler:id/log_email_input']
21:35:14 INFO  config.AppiumListener - The element was found-->By.xpath: //*[@resource-id='com.example.svetlana.scheduler:id/log_email_input']
21:35:14 ERROR config.AppiumListener - Problem-->An element could not be located on the page using the given search parameters.
For documentation on this error, please visit: https://www.seleniumhq.org/exceptions/no_such_element.html
Build info: version: '3.141.59', revision: 'e82be7d358', time: '2018-11-14T08:17:03'
System info: host: 'LAPTOP-44JBEN25', ip: '172.20.10.2', os.name: 'Windows 10', os.arch: 'amd64', os.version: '10.0', java.version: '1.8.0_301'
Driver info: io.appium.java_client.AppiumDriver
Capabilities {app: C:\Tools\v.0.0.3.apk, appActivity: .presentation.splashScreen...., appPackage: com.example.svetlana.scheduler, automationName: Appium, databaseEnabled: false, desired: {app: C:\Tools\v.0.0.3.apk, appActivity: .presentation.splashScreen...., appPackage: com.example.svetlana.scheduler, automationName: Appium, deviceName: Nexus_5, platformName: android, platformVersion: 8.0}, deviceApiLevel: 26, deviceManufacturer: Google, deviceModel: Android SDK built for x86, deviceName: emulator-5554, deviceScreenDensity: 480, deviceScreenSize: 1080x1920, deviceUDID: emulator-5554, javascriptEnabled: true, locationContextEnabled: false, networkConnectionEnabled: true, pixelRatio: 3, platform: LINUX, platformName: Android, platformVersion: 8.0.0, statBarHeight: 72, takesScreenshot: true, viewportRect: {height: 1704, left: 0, top: 72, width: 1080}, warnings: {}, webStorageEnabled: false}
Session ID: ce11ab24-a736-4b3a-81a1-3ca2b2dc4d64
*** Element info: {Using=xpath, value=//*[@resource-id='com.example.svetlana.scheduler:id/log_email_input']}[Ljava.lang.StackTraceElement;@3d7449b9
21:35:16 INFO  config.AppiumListener - Screen with error in file-->C:\Users\gorbu\Documents\GitHub\POM_Qa30_SuperScheduler\src\test\screenshots\scr2116.png
21:35:16 INFO  config.AppiumListener - Start find element-->By.xpath: //*[@resource-id='com.example.svetlana.scheduler:id/log_email_input']
21:35:16 INFO  config.AppiumListener - The element was found-->By.xpath: //*[@resource-id='com.example.svetlana.scheduler:id/log_email_input']
21:35:16 INFO  config.AppiumListener - Start find element-->By.xpath: //*[@resource-id='com.example.svetlana.scheduler:id/log_email_input']
21:35:17 INFO  config.AppiumListener - The element was found-->By.xpath: //*[@resource-id='com.example.svetlana.scheduler:id/log_email_input']
21:35:17 INFO  config.AppiumListener - Start find element-->By.xpath: //*[@resource-id='com.example.svetlana.scheduler:id/log_email_input']
21:35:18 INFO  config.AppiumListener - The element was found-->By.xpath: //*[@resource-id='com.example.svetlana.scheduler:id/log_email_input']
21:35:18 INFO  config.AppiumListener - Start find element-->By.xpath: //*[@resource-id='com.example.svetlana.scheduler:id/log_email_input']
21:35:19 INFO  config.AppiumListener - The element was found-->By.xpath: //*[@resource-id='com.example.svetlana.scheduler:id/log_email_input']
21:35:20 INFO  config.AppiumListener - Start find element-->By.xpath: //*[@resource-id='com.example.svetlana.scheduler:id/log_password_input']
21:35:20 INFO  config.AppiumListener - The element was found-->By.xpath: //*[@resource-id='com.example.svetlana.scheduler:id/log_password_input']
21:35:20 INFO  config.AppiumListener - Start find element-->By.xpath: //*[@resource-id='com.example.svetlana.scheduler:id/log_password_input']
21:35:21 INFO  config.AppiumListener - The element was found-->By.xpath: //*[@resource-id='com.example.svetlana.scheduler:id/log_password_input']
21:35:21 INFO  config.AppiumListener - Start find element-->By.xpath: //*[@resource-id='com.example.svetlana.scheduler:id/log_password_input']
21:35:22 INFO  config.AppiumListener - The element was found-->By.xpath: //*[@resource-id='com.example.svetlana.scheduler:id/log_password_input']
21:35:23 INFO  config.AppiumListener - Start find element-->By.xpath: //*[@resource-id='com.example.svetlana.scheduler:id/login_btn']
21:35:24 INFO  config.AppiumListener - The element was found-->By.xpath: //*[@resource-id='com.example.svetlana.scheduler:id/login_btn']
21:35:24 INFO  config.AppiumListener - Start find element-->By.xpath: //*[@resource-id='android:id/message']
21:35:25 INFO  config.AppiumListener - The element was found-->By.xpath: //*[@resource-id='android:id/message']
21:35:25 ERROR config.AppiumListener - Problem-->An element could not be located on the page using the given search parameters.
For documentation on this error, please visit: https://www.seleniumhq.org/exceptions/no_such_element.html
Build info: version: '3.141.59', revision: 'e82be7d358', time: '2018-11-14T08:17:03'
System info: host: 'LAPTOP-44JBEN25', ip: '172.20.10.2', os.name: 'Windows 10', os.arch: 'amd64', os.version: '10.0', java.version: '1.8.0_301'
Driver info: io.appium.java_client.AppiumDriver
Capabilities {app: C:\Tools\v.0.0.3.apk, appActivity: .presentation.splashScreen...., appPackage: com.example.svetlana.scheduler, automationName: Appium, databaseEnabled: false, desired: {app: C:\Tools\v.0.0.3.apk, appActivity: .presentation.splashScreen...., appPackage: com.example.svetlana.scheduler, automationName: Appium, deviceName: Nexus_5, platformName: android, platformVersion: 8.0}, deviceApiLevel: 26, deviceManufacturer: Google, deviceModel: Android SDK built for x86, deviceName: emulator-5554, deviceScreenDensity: 480, deviceScreenSize: 1080x1920, deviceUDID: emulator-5554, javascriptEnabled: true, locationContextEnabled: false, networkConnectionEnabled: true, pixelRatio: 3, platform: LINUX, platformName: Android, platformVersion: 8.0.0, statBarHeight: 72, takesScreenshot: true, viewportRect: {height: 1704, left: 0, top: 72, width: 1080}, warnings: {}, webStorageEnabled: false}
Session ID: ce11ab24-a736-4b3a-81a1-3ca2b2dc4d64
*** Element info: {Using=xpath, value=//*[@resource-id='android:id/message']}[Ljava.lang.StackTraceElement;@2b7d1135
21:35:27 INFO  config.AppiumListener - Screen with error in file-->C:\Users\gorbu\Documents\GitHub\POM_Qa30_SuperScheduler\src\test\screenshots\scr2127.png
21:35:27 INFO  config.AppiumListener - Start find element-->By.xpath: //*[@resource-id='android:id/message']
21:35:27 INFO  config.AppiumListener - The element was found-->By.xpath: //*[@resource-id='android:id/message']
21:35:27 INFO  config.AppiumListener - Start find element-->By.xpath: //*[@resource-id='android:id/button1']
21:35:27 INFO  config.AppiumListener - The element was found-->By.xpath: //*[@resource-id='android:id/button1']
21:35:28 INFO  config.AppiumListener - Start find element-->By.xpath: //*[@resource-id='com.example.svetlana.scheduler:id/login_btn']
21:35:28 INFO  config.AppiumListener - The element was found-->By.xpath: //*[@resource-id='com.example.svetlana.scheduler:id/login_btn']
21:35:28 INFO  config.ConfigurationScheduler - Finish the Test-->loginComplexTestNegative
21:35:28 INFO  config.AppiumListener - Start find element-->By.xpath: //*[@resource-id='com.example.svetlana.scheduler:id/login_btn']
21:35:28 INFO  config.AppiumListener - The element was found-->By.xpath: //*[@resource-id='com.example.svetlana.scheduler:id/login_btn']
21:35:28 INFO  config.ConfigurationScheduler - Start test-->loginComplexTestPositive
21:35:28 INFO  config.ConfigurationScheduler - Test loginDtoPos starts with email -your2@gmail.com
21:35:28 INFO  config.ConfigurationScheduler - Test loginDtoPos starts with password -Yy123456$
21:35:28 INFO  config.AppiumListener - Start find element-->By.xpath: //*[@resource-id='com.example.svetlana.scheduler:id/log_email_input']
21:35:28 INFO  config.AppiumListener - The element was found-->By.xpath: //*[@resource-id='com.example.svetlana.scheduler:id/log_email_input']
21:35:29 INFO  config.AppiumListener - Start find element-->By.xpath: //*[@resource-id='com.example.svetlana.scheduler:id/log_email_input']
21:35:29 INFO  config.AppiumListener - The element was found-->By.xpath: //*[@resource-id='com.example.svetlana.scheduler:id/log_email_input']
21:35:29 INFO  config.AppiumListener - Start find element-->By.xpath: //*[@resource-id='com.example.svetlana.scheduler:id/log_email_input']
21:35:30 INFO  config.AppiumListener - The element was found-->By.xpath: //*[@resource-id='com.example.svetlana.scheduler:id/log_email_input']
21:35:30 INFO  config.AppiumListener - Start find element-->By.xpath: //*[@resource-id='com.example.svetlana.scheduler:id/log_email_input']
21:35:31 INFO  config.AppiumListener - The element was found-->By.xpath: //*[@resource-id='com.example.svetlana.scheduler:id/log_email_input']
21:35:32 INFO  config.AppiumListener - Start find element-->By.xpath: //*[@resource-id='com.example.svetlana.scheduler:id/log_password_input']
21:35:32 INFO  config.AppiumListener - The element was found-->By.xpath: //*[@resource-id='com.example.svetlana.scheduler:id/log_password_input']
21:35:32 INFO  config.AppiumListener - Start find element-->By.xpath: //*[@resource-id='com.example.svetlana.scheduler:id/log_password_input']
21:35:33 INFO  config.AppiumListener - The element was found-->By.xpath: //*[@resource-id='com.example.svetlana.scheduler:id/log_password_input']
21:35:33 INFO  config.AppiumListener - Start find element-->By.xpath: //*[@resource-id='com.example.svetlana.scheduler:id/log_password_input']
21:35:34 INFO  config.AppiumListener - The element was found-->By.xpath: //*[@resource-id='com.example.svetlana.scheduler:id/log_password_input']
21:35:35 INFO  config.AppiumListener - Start find element-->By.xpath: //*[@resource-id='com.example.svetlana.scheduler:id/login_btn']
21:35:36 INFO  config.AppiumListener - The element was found-->By.xpath: //*[@resource-id='com.example.svetlana.scheduler:id/login_btn']
21:35:36 INFO  config.AppiumListener - Start find element-->By.xpath: //*[@resource-id='com.example.svetlana.scheduler:id/wizard_settings_skip_container']
21:35:37 INFO  config.AppiumListener - The element was found-->By.xpath: //*[@resource-id='com.example.svetlana.scheduler:id/wizard_settings_skip_container']
21:35:37 ERROR config.AppiumListener - Problem-->An element could not be located on the page using the given search parameters.
For documentation on this error, please visit: https://www.seleniumhq.org/exceptions/no_such_element.html
Build info: version: '3.141.59', revision: 'e82be7d358', time: '2018-11-14T08:17:03'
System info: host: 'LAPTOP-44JBEN25', ip: '172.20.10.2', os.name: 'Windows 10', os.arch: 'amd64', os.version: '10.0', java.version: '1.8.0_301'
Driver info: io.appium.java_client.AppiumDriver
Capabilities {app: C:\Tools\v.0.0.3.apk, appActivity: .presentation.splashScreen...., appPackage: com.example.svetlana.scheduler, automationName: Appium, databaseEnabled: false, desired: {app: C:\Tools\v.0.0.3.apk, appActivity: .presentation.splashScreen...., appPackage: com.example.svetlana.scheduler, automationName: Appium, deviceName: Nexus_5, platformName: android, platformVersion: 8.0}, deviceApiLevel: 26, deviceManufacturer: Google, deviceModel: Android SDK built for x86, deviceName: emulator-5554, deviceScreenDensity: 480, deviceScreenSize: 1080x1920, deviceUDID: emulator-5554, javascriptEnabled: true, locationContextEnabled: false, networkConnectionEnabled: true, pixelRatio: 3, platform: LINUX, platformName: Android, platformVersion: 8.0.0, statBarHeight: 72, takesScreenshot: true, viewportRect: {height: 1704, left: 0, top: 72, width: 1080}, warnings: {}, webStorageEnabled: false}
Session ID: ce11ab24-a736-4b3a-81a1-3ca2b2dc4d64
*** Element info: {Using=xpath, value=//*[@resource-id='com.example.svetlana.scheduler:id/wizard_settings_skip_container']}[Ljava.lang.StackTraceElement;@69f1c50a
21:35:38 INFO  config.AppiumListener - Screen with error in file-->C:\Users\gorbu\Documents\GitHub\POM_Qa30_SuperScheduler\src\test\screenshots\scr2138.png
21:35:38 INFO  config.AppiumListener - Start find element-->By.xpath: //*[@resource-id='com.example.svetlana.scheduler:id/fab_main']
21:35:40 INFO  config.AppiumListener - The element was found-->By.xpath: //*[@resource-id='com.example.svetlana.scheduler:id/fab_main']
21:35:40 INFO  config.AppiumListener - Start find element-->By.xpath: //*[@resource-id='com.example.svetlana.scheduler:id/fab_main']
21:35:42 INFO  config.AppiumListener - The element was found-->By.xpath: //*[@resource-id='com.example.svetlana.scheduler:id/fab_main']
21:35:42 INFO  config.ConfigurationScheduler - Finish the Test-->loginComplexTestPositive
21:35:42 INFO  config.AppiumListener - Start find element-->By.xpath: //*[@resource-id='com.example.svetlana.scheduler:id/login_btn']
21:35:43 INFO  config.AppiumListener - The element was found-->By.xpath: //*[@resource-id='com.example.svetlana.scheduler:id/login_btn']
21:35:43 ERROR config.AppiumListener - Problem-->An element could not be located on the page using the given search parameters.
For documentation on this error, please visit: https://www.seleniumhq.org/exceptions/no_such_element.html
Build info: version: '3.141.59', revision: 'e82be7d358', time: '2018-11-14T08:17:03'
System info: host: 'LAPTOP-44JBEN25', ip: '172.20.10.2', os.name: 'Windows 10', os.arch: 'amd64', os.version: '10.0', java.version: '1.8.0_301'
Driver info: io.appium.java_client.AppiumDriver
Capabilities {app: C:\Tools\v.0.0.3.apk, appActivity: .presentation.splashScreen...., appPackage: com.example.svetlana.scheduler, automationName: Appium, databaseEnabled: false, desired: {app: C:\Tools\v.0.0.3.apk, appActivity: .presentation.splashScreen...., appPackage: com.example.svetlana.scheduler, automationName: Appium, deviceName: Nexus_5, platformName: android, platformVersion: 8.0}, deviceApiLevel: 26, deviceManufacturer: Google, deviceModel: Android SDK built for x86, deviceName: emulator-5554, deviceScreenDensity: 480, deviceScreenSize: 1080x1920, deviceUDID: emulator-5554, javascriptEnabled: true, locationContextEnabled: false, networkConnectionEnabled: true, pixelRatio: 3, platform: LINUX, platformName: Android, platformVersion: 8.0.0, statBarHeight: 72, takesScreenshot: true, viewportRect: {height: 1704, left: 0, top: 72, width: 1080}, warnings: {}, webStorageEnabled: false}
Session ID: ce11ab24-a736-4b3a-81a1-3ca2b2dc4d64
*** Element info: {Using=xpath, value=//*[@resource-id='com.example.svetlana.scheduler:id/login_btn']}[Ljava.lang.StackTraceElement;@2e4ddbb2
21:35:44 INFO  config.AppiumListener - Screen with error in file-->C:\Users\gorbu\Documents\GitHub\POM_Qa30_SuperScheduler\src\test\screenshots\scr2144.png
21:35:44 INFO  config.AppiumListener - Start find element-->By.xpath: //android.widget.ImageButton[@content-desc='Open']
21:35:46 INFO  config.AppiumListener - The element was found-->By.xpath: //android.widget.ImageButton[@content-desc='Open']
21:35:46 INFO  config.AppiumListener - Start find element-->By.xpath: //*[@resource-id='com.example.svetlana.scheduler:id/nav_fr_logout']
21:35:48 INFO  config.AppiumListener - The element was found-->By.xpath: //*[@resource-id='com.example.svetlana.scheduler:id/nav_fr_logout']
21:35:48 INFO  config.AppiumListener - Start find element-->By.xpath: //*[@resource-id='com.example.svetlana.scheduler:id/nav_fr_logout']
21:35:50 INFO  config.AppiumListener - The element was found-->By.xpath: //*[@resource-id='com.example.svetlana.scheduler:id/nav_fr_logout']
21:35:50 INFO  config.ConfigurationScheduler - Start test-->loginFromFileTestNegative
21:35:50 INFO  config.ConfigurationScheduler - Test loginFromFileNeg starts with email -your2@gmail.com
21:35:50 INFO  config.ConfigurationScheduler - Test loginFromFileNeg starts with password -Yy123456
21:35:50 INFO  config.AppiumListener - Start find element-->By.xpath: //*[@resource-id='com.example.svetlana.scheduler:id/log_email_input']
21:35:51 INFO  config.AppiumListener - The element was found-->By.xpath: //*[@resource-id='com.example.svetlana.scheduler:id/log_email_input']
21:35:51 INFO  config.AppiumListener - Start find element-->By.xpath: //*[@resource-id='com.example.svetlana.scheduler:id/log_email_input']
21:35:51 INFO  config.AppiumListener - The element was found-->By.xpath: //*[@resource-id='com.example.svetlana.scheduler:id/log_email_input']
21:35:51 INFO  config.AppiumListener - Start find element-->By.xpath: //*[@resource-id='com.example.svetlana.scheduler:id/log_email_input']
21:35:52 INFO  config.AppiumListener - The element was found-->By.xpath: //*[@resource-id='com.example.svetlana.scheduler:id/log_email_input']
21:35:52 INFO  config.AppiumListener - Start find element-->By.xpath: //*[@resource-id='com.example.svetlana.scheduler:id/log_email_input']
21:35:53 INFO  config.AppiumListener - The element was found-->By.xpath: //*[@resource-id='com.example.svetlana.scheduler:id/log_email_input']
21:35:54 INFO  config.AppiumListener - Start find element-->By.xpath: //*[@resource-id='com.example.svetlana.scheduler:id/log_password_input']
21:35:54 INFO  config.AppiumListener - The element was found-->By.xpath: //*[@resource-id='com.example.svetlana.scheduler:id/log_password_input']
21:35:54 INFO  config.AppiumListener - Start find element-->By.xpath: //*[@resource-id='com.example.svetlana.scheduler:id/log_password_input']
21:35:55 INFO  config.AppiumListener - The element was found-->By.xpath: //*[@resource-id='com.example.svetlana.scheduler:id/log_password_input']
21:35:55 INFO  config.AppiumListener - Start find element-->By.xpath: //*[@resource-id='com.example.svetlana.scheduler:id/log_password_input']
21:35:56 INFO  config.AppiumListener - The element was found-->By.xpath: //*[@resource-id='com.example.svetlana.scheduler:id/log_password_input']
21:35:57 INFO  config.AppiumListener - Start find element-->By.xpath: //*[@resource-id='com.example.svetlana.scheduler:id/login_btn']
21:35:58 INFO  config.AppiumListener - The element was found-->By.xpath: //*[@resource-id='com.example.svetlana.scheduler:id/login_btn']
21:35:58 INFO  config.AppiumListener - Start find element-->By.xpath: //*[@resource-id='android:id/message']
21:35:58 INFO  config.AppiumListener - The element was found-->By.xpath: //*[@resource-id='android:id/message']
21:35:58 ERROR config.AppiumListener - Problem-->An element could not be located on the page using the given search parameters.
For documentation on this error, please visit: https://www.seleniumhq.org/exceptions/no_such_element.html
Build info: version: '3.141.59', revision: 'e82be7d358', time: '2018-11-14T08:17:03'
System info: host: 'LAPTOP-44JBEN25', ip: '172.20.10.2', os.name: 'Windows 10', os.arch: 'amd64', os.version: '10.0', java.version: '1.8.0_301'
Driver info: io.appium.java_client.AppiumDriver
Capabilities {app: C:\Tools\v.0.0.3.apk, appActivity: .presentation.splashScreen...., appPackage: com.example.svetlana.scheduler, automationName: Appium, databaseEnabled: false, desired: {app: C:\Tools\v.0.0.3.apk, appActivity: .presentation.splashScreen...., appPackage: com.example.svetlana.scheduler, automationName: Appium, deviceName: Nexus_5, platformName: android, platformVersion: 8.0}, deviceApiLevel: 26, deviceManufacturer: Google, deviceModel: Android SDK built for x86, deviceName: emulator-5554, deviceScreenDensity: 480, deviceScreenSize: 1080x1920, deviceUDID: emulator-5554, javascriptEnabled: true, locationContextEnabled: false, networkConnectionEnabled: true, pixelRatio: 3, platform: LINUX, platformName: Android, platformVersion: 8.0.0, statBarHeight: 72, takesScreenshot: true, viewportRect: {height: 1704, left: 0, top: 72, width: 1080}, warnings: {}, webStorageEnabled: false}
Session ID: ce11ab24-a736-4b3a-81a1-3ca2b2dc4d64
*** Element info: {Using=xpath, value=//*[@resource-id='android:id/message']}[Ljava.lang.StackTraceElement;@5fb8e9f7
21:36:00 INFO  config.AppiumListener - Screen with error in file-->C:\Users\gorbu\Documents\GitHub\POM_Qa30_SuperScheduler\src\test\screenshots\scr2160.png
21:36:00 INFO  config.AppiumListener - Start find element-->By.xpath: //*[@resource-id='android:id/message']
21:36:00 INFO  config.AppiumListener - The element was found-->By.xpath: //*[@resource-id='android:id/message']
21:36:01 INFO  config.AppiumListener - Start find element-->By.xpath: //*[@resource-id='android:id/button1']
21:36:01 INFO  config.AppiumListener - The element was found-->By.xpath: //*[@resource-id='android:id/button1']
21:36:01 INFO  config.AppiumListener - Start find element-->By.xpath: //*[@resource-id='com.example.svetlana.scheduler:id/login_btn']
21:36:01 INFO  config.AppiumListener - The element was found-->By.xpath: //*[@resource-id='com.example.svetlana.scheduler:id/login_btn']
21:36:01 INFO  config.ConfigurationScheduler - Finish the Test-->loginFromFileTestNegative
21:36:01 INFO  config.AppiumListener - Start find element-->By.xpath: //*[@resource-id='com.example.svetlana.scheduler:id/login_btn']
21:36:01 INFO  config.AppiumListener - The element was found-->By.xpath: //*[@resource-id='com.example.svetlana.scheduler:id/login_btn']
21:36:01 INFO  config.ConfigurationScheduler - Start test-->loginFromFileTestPositive
21:36:01 INFO  config.ConfigurationScheduler - Test loginFromFilePos starts with email -your2@gmail.com
21:36:01 INFO  config.ConfigurationScheduler - Test loginFromFilePos starts with password -Yy123456$
21:36:01 INFO  config.AppiumListener - Start find element-->By.xpath: //*[@resource-id='com.example.svetlana.scheduler:id/log_email_input']
21:36:02 INFO  config.AppiumListener - The element was found-->By.xpath: //*[@resource-id='com.example.svetlana.scheduler:id/log_email_input']
21:36:02 INFO  config.AppiumListener - Start find element-->By.xpath: //*[@resource-id='com.example.svetlana.scheduler:id/log_email_input']
21:36:02 INFO  config.AppiumListener - The element was found-->By.xpath: //*[@resource-id='com.example.svetlana.scheduler:id/log_email_input']
21:36:02 INFO  config.AppiumListener - Start find element-->By.xpath: //*[@resource-id='com.example.svetlana.scheduler:id/log_email_input']
21:36:03 INFO  config.AppiumListener - The element was found-->By.xpath: //*[@resource-id='com.example.svetlana.scheduler:id/log_email_input']
21:36:03 INFO  config.AppiumListener - Start find element-->By.xpath: //*[@resource-id='com.example.svetlana.scheduler:id/log_email_input']
21:36:04 INFO  config.AppiumListener - The element was found-->By.xpath: //*[@resource-id='com.example.svetlana.scheduler:id/log_email_input']
21:36:04 INFO  config.AppiumListener - Start find element-->By.xpath: //*[@resource-id='com.example.svetlana.scheduler:id/log_password_input']
21:36:05 INFO  config.AppiumListener - The element was found-->By.xpath: //*[@resource-id='com.example.svetlana.scheduler:id/log_password_input']
21:36:05 INFO  config.AppiumListener - Start find element-->By.xpath: //*[@resource-id='com.example.svetlana.scheduler:id/log_password_input']
21:36:06 INFO  config.AppiumListener - The element was found-->By.xpath: //*[@resource-id='com.example.svetlana.scheduler:id/log_password_input']
21:36:06 INFO  config.AppiumListener - Start find element-->By.xpath: //*[@resource-id='com.example.svetlana.scheduler:id/log_password_input']
21:36:07 INFO  config.AppiumListener - The element was found-->By.xpath: //*[@resource-id='com.example.svetlana.scheduler:id/log_password_input']
21:36:08 INFO  config.AppiumListener - Start find element-->By.xpath: //*[@resource-id='com.example.svetlana.scheduler:id/login_btn']
21:36:08 INFO  config.AppiumListener - The element was found-->By.xpath: //*[@resource-id='com.example.svetlana.scheduler:id/login_btn']
21:36:09 INFO  config.AppiumListener - Start find element-->By.xpath: //*[@resource-id='com.example.svetlana.scheduler:id/wizard_settings_skip_container']
21:36:09 INFO  config.AppiumListener - The element was found-->By.xpath: //*[@resource-id='com.example.svetlana.scheduler:id/wizard_settings_skip_container']
21:36:09 ERROR config.AppiumListener - Problem-->An element could not be located on the page using the given search parameters.
For documentation on this error, please visit: https://www.seleniumhq.org/exceptions/no_such_element.html
Build info: version: '3.141.59', revision: 'e82be7d358', time: '2018-11-14T08:17:03'
System info: host: 'LAPTOP-44JBEN25', ip: '172.20.10.2', os.name: 'Windows 10', os.arch: 'amd64', os.version: '10.0', java.version: '1.8.0_301'
Driver info: io.appium.java_client.AppiumDriver
Capabilities {app: C:\Tools\v.0.0.3.apk, appActivity: .presentation.splashScreen...., appPackage: com.example.svetlana.scheduler, automationName: Appium, databaseEnabled: false, desired: {app: C:\Tools\v.0.0.3.apk, appActivity: .presentation.splashScreen...., appPackage: com.example.svetlana.scheduler, automationName: Appium, deviceName: Nexus_5, platformName: android, platformVersion: 8.0}, deviceApiLevel: 26, deviceManufacturer: Google, deviceModel: Android SDK built for x86, deviceName: emulator-5554, deviceScreenDensity: 480, deviceScreenSize: 1080x1920, deviceUDID: emulator-5554, javascriptEnabled: true, locationContextEnabled: false, networkConnectionEnabled: true, pixelRatio: 3, platform: LINUX, platformName: Android, platformVersion: 8.0.0, statBarHeight: 72, takesScreenshot: true, viewportRect: {height: 1704, left: 0, top: 72, width: 1080}, warnings: {}, webStorageEnabled: false}
Session ID: ce11ab24-a736-4b3a-81a1-3ca2b2dc4d64
*** Element info: {Using=xpath, value=//*[@resource-id='com.example.svetlana.scheduler:id/wizard_settings_skip_container']}[Ljava.lang.StackTraceElement;@5ce3a6e8
21:36:11 INFO  config.AppiumListener - Screen with error in file-->C:\Users\gorbu\Documents\GitHub\POM_Qa30_SuperScheduler\src\test\screenshots\scr2171.png
21:36:11 INFO  config.AppiumListener - Start find element-->By.xpath: //*[@resource-id='com.example.svetlana.scheduler:id/fab_main']
21:36:13 INFO  config.AppiumListener - The element was found-->By.xpath: //*[@resource-id='com.example.svetlana.scheduler:id/fab_main']
21:36:13 INFO  config.AppiumListener - Start find element-->By.xpath: //*[@resource-id='com.example.svetlana.scheduler:id/fab_main']
21:36:14 INFO  config.AppiumListener - The element was found-->By.xpath: //*[@resource-id='com.example.svetlana.scheduler:id/fab_main']
21:36:14 INFO  config.ConfigurationScheduler - Finish the Test-->loginFromFileTestPositive
21:36:14 INFO  config.AppiumListener - Start find element-->By.xpath: //*[@resource-id='com.example.svetlana.scheduler:id/login_btn']
21:36:15 INFO  config.AppiumListener - The element was found-->By.xpath: //*[@resource-id='com.example.svetlana.scheduler:id/login_btn']
21:36:15 ERROR config.AppiumListener - Problem-->An element could not be located on the page using the given search parameters.
For documentation on this error, please visit: https://www.seleniumhq.org/exceptions/no_such_element.html
Build info: version: '3.141.59', revision: 'e82be7d358', time: '2018-11-14T08:17:03'
System info: host: 'LAPTOP-44JBEN25', ip: '172.20.10.2', os.name: 'Windows 10', os.arch: 'amd64', os.version: '10.0', java.version: '1.8.0_301'
Driver info: io.appium.java_client.AppiumDriver
Capabilities {app: C:\Tools\v.0.0.3.apk, appActivity: .presentation.splashScreen...., appPackage: com.example.svetlana.scheduler, automationName: Appium, databaseEnabled: false, desired: {app: C:\Tools\v.0.0.3.apk, appActivity: .presentation.splashScreen...., appPackage: com.example.svetlana.scheduler, automationName: Appium, deviceName: Nexus_5, platformName: android, platformVersion: 8.0}, deviceApiLevel: 26, deviceManufacturer: Google, deviceModel: Android SDK built for x86, deviceName: emulator-5554, deviceScreenDensity: 480, deviceScreenSize: 1080x1920, deviceUDID: emulator-5554, javascriptEnabled: true, locationContextEnabled: false, networkConnectionEnabled: true, pixelRatio: 3, platform: LINUX, platformName: Android, platformVersion: 8.0.0, statBarHeight: 72, takesScreenshot: true, viewportRect: {height: 1704, left: 0, top: 72, width: 1080}, warnings: {}, webStorageEnabled: false}
Session ID: ce11ab24-a736-4b3a-81a1-3ca2b2dc4d64
*** Element info: {Using=xpath, value=//*[@resource-id='com.example.svetlana.scheduler:id/login_btn']}[Ljava.lang.StackTraceElement;@4ceafd1e
21:36:16 INFO  config.AppiumListener - Screen with error in file-->C:\Users\gorbu\Documents\GitHub\POM_Qa30_SuperScheduler\src\test\screenshots\scr2176.png
21:36:16 INFO  config.AppiumListener - Start find element-->By.xpath: //android.widget.ImageButton[@content-desc='Open']
21:36:18 INFO  config.AppiumListener - The element was found-->By.xpath: //android.widget.ImageButton[@content-desc='Open']
21:36:18 INFO  config.AppiumListener - Start find element-->By.xpath: //*[@resource-id='com.example.svetlana.scheduler:id/nav_fr_logout']
21:36:20 INFO  config.AppiumListener - The element was found-->By.xpath: //*[@resource-id='com.example.svetlana.scheduler:id/nav_fr_logout']
21:36:20 INFO  config.AppiumListener - Start find element-->By.xpath: //*[@resource-id='com.example.svetlana.scheduler:id/nav_fr_logout']
21:36:21 INFO  config.AppiumListener - The element was found-->By.xpath: //*[@resource-id='com.example.svetlana.scheduler:id/nav_fr_logout']
21:36:21 INFO  config.ConfigurationScheduler - Start test-->loginStartLoginScreen
21:36:21 INFO  config.AppiumListener - Start find element-->By.xpath: //*[@resource-id='com.example.svetlana.scheduler:id/log_email_input']
21:36:22 INFO  config.AppiumListener - The element was found-->By.xpath: //*[@resource-id='com.example.svetlana.scheduler:id/log_email_input']
21:36:23 INFO  config.AppiumListener - Start find element-->By.xpath: //*[@resource-id='com.example.svetlana.scheduler:id/log_email_input']
21:36:23 INFO  config.AppiumListener - The element was found-->By.xpath: //*[@resource-id='com.example.svetlana.scheduler:id/log_email_input']
21:36:23 INFO  config.AppiumListener - Start find element-->By.xpath: //*[@resource-id='com.example.svetlana.scheduler:id/log_email_input']
21:36:24 INFO  config.AppiumListener - The element was found-->By.xpath: //*[@resource-id='com.example.svetlana.scheduler:id/log_email_input']
21:36:24 INFO  config.AppiumListener - Start find element-->By.xpath: //*[@resource-id='com.example.svetlana.scheduler:id/log_email_input']
21:36:24 INFO  config.AppiumListener - The element was found-->By.xpath: //*[@resource-id='com.example.svetlana.scheduler:id/log_email_input']
21:36:25 INFO  config.AppiumListener - Start find element-->By.xpath: //*[@resource-id='com.example.svetlana.scheduler:id/log_password_input']
21:36:25 INFO  config.AppiumListener - The element was found-->By.xpath: //*[@resource-id='com.example.svetlana.scheduler:id/log_password_input']
21:36:26 INFO  config.AppiumListener - Start find element-->By.xpath: //*[@resource-id='com.example.svetlana.scheduler:id/log_password_input']
21:36:26 INFO  config.AppiumListener - The element was found-->By.xpath: //*[@resource-id='com.example.svetlana.scheduler:id/log_password_input']
21:36:27 INFO  config.AppiumListener - Start find element-->By.xpath: //*[@resource-id='com.example.svetlana.scheduler:id/log_password_input']
21:36:27 INFO  config.AppiumListener - The element was found-->By.xpath: //*[@resource-id='com.example.svetlana.scheduler:id/log_password_input']
21:36:28 INFO  config.AppiumListener - Start find element-->By.xpath: //*[@resource-id='com.example.svetlana.scheduler:id/login_btn']
21:36:28 INFO  config.AppiumListener - The element was found-->By.xpath: //*[@resource-id='com.example.svetlana.scheduler:id/login_btn']
21:36:29 INFO  config.AppiumListener - Start find element-->By.xpath: //*[@resource-id='com.example.svetlana.scheduler:id/wizard_settings_skip_container']
21:36:32 INFO  config.AppiumListener - The element was found-->By.xpath: //*[@resource-id='com.example.svetlana.scheduler:id/wizard_settings_skip_container']
21:36:32 ERROR config.AppiumListener - Problem-->An element could not be located on the page using the given search parameters.
For documentation on this error, please visit: https://www.seleniumhq.org/exceptions/no_such_element.html
Build info: version: '3.141.59', revision: 'e82be7d358', time: '2018-11-14T08:17:03'
System info: host: 'LAPTOP-44JBEN25', ip: '172.20.10.2', os.name: 'Windows 10', os.arch: 'amd64', os.version: '10.0', java.version: '1.8.0_301'
Driver info: io.appium.java_client.AppiumDriver
Capabilities {app: C:\Tools\v.0.0.3.apk, appActivity: .presentation.splashScreen...., appPackage: com.example.svetlana.scheduler, automationName: Appium, databaseEnabled: false, desired: {app: C:\Tools\v.0.0.3.apk, appActivity: .presentation.splashScreen...., appPackage: com.example.svetlana.scheduler, automationName: Appium, deviceName: Nexus_5, platformName: android, platformVersion: 8.0}, deviceApiLevel: 26, deviceManufacturer: Google, deviceModel: Android SDK built for x86, deviceName: emulator-5554, deviceScreenDensity: 480, deviceScreenSize: 1080x1920, deviceUDID: emulator-5554, javascriptEnabled: true, locationContextEnabled: false, networkConnectionEnabled: true, pixelRatio: 3, platform: LINUX, platformName: Android, platformVersion: 8.0.0, statBarHeight: 72, takesScreenshot: true, viewportRect: {height: 1704, left: 0, top: 72, width: 1080}, warnings: {}, webStorageEnabled: false}
Session ID: ce11ab24-a736-4b3a-81a1-3ca2b2dc4d64
*** Element info: {Using=xpath, value=//*[@resource-id='com.example.svetlana.scheduler:id/wizard_settings_skip_container']}[Ljava.lang.StackTraceElement;@75a66dfd
21:36:32 INFO  config.AppiumListener - Screen with error in file-->C:\Users\gorbu\Documents\GitHub\POM_Qa30_SuperScheduler\src\test\screenshots\scr2192.png
21:36:32 INFO  config.AppiumListener - Start find element-->By.xpath: //*[@resource-id='com.example.svetlana.scheduler:id/fab_main']
21:36:34 INFO  config.AppiumListener - The element was found-->By.xpath: //*[@resource-id='com.example.svetlana.scheduler:id/fab_main']
21:36:34 INFO  config.AppiumListener - Start find element-->By.xpath: //*[@resource-id='com.example.svetlana.scheduler:id/fab_main']
21:36:35 INFO  config.AppiumListener - The element was found-->By.xpath: //*[@resource-id='com.example.svetlana.scheduler:id/fab_main']
21:36:36 INFO  config.ConfigurationScheduler - Finish the Test-->loginStartLoginScreen
21:36:36 INFO  config.AppiumListener - Start find element-->By.xpath: //*[@resource-id='com.example.svetlana.scheduler:id/login_btn']
21:36:37 INFO  config.AppiumListener - The element was found-->By.xpath: //*[@resource-id='com.example.svetlana.scheduler:id/login_btn']
21:36:37 ERROR config.AppiumListener - Problem-->An element could not be located on the page using the given search parameters.
For documentation on this error, please visit: https://www.seleniumhq.org/exceptions/no_such_element.html
Build info: version: '3.141.59', revision: 'e82be7d358', time: '2018-11-14T08:17:03'
System info: host: 'LAPTOP-44JBEN25', ip: '172.20.10.2', os.name: 'Windows 10', os.arch: 'amd64', os.version: '10.0', java.version: '1.8.0_301'
Driver info: io.appium.java_client.AppiumDriver
Capabilities {app: C:\Tools\v.0.0.3.apk, appActivity: .presentation.splashScreen...., appPackage: com.example.svetlana.scheduler, automationName: Appium, databaseEnabled: false, desired: {app: C:\Tools\v.0.0.3.apk, appActivity: .presentation.splashScreen...., appPackage: com.example.svetlana.scheduler, automationName: Appium, deviceName: Nexus_5, platformName: android, platformVersion: 8.0}, deviceApiLevel: 26, deviceManufacturer: Google, deviceModel: Android SDK built for x86, deviceName: emulator-5554, deviceScreenDensity: 480, deviceScreenSize: 1080x1920, deviceUDID: emulator-5554, javascriptEnabled: true, locationContextEnabled: false, networkConnectionEnabled: true, pixelRatio: 3, platform: LINUX, platformName: Android, platformVersion: 8.0.0, statBarHeight: 72, takesScreenshot: true, viewportRect: {height: 1704, left: 0, top: 72, width: 1080}, warnings: {}, webStorageEnabled: false}
Session ID: ce11ab24-a736-4b3a-81a1-3ca2b2dc4d64
*** Element info: {Using=xpath, value=//*[@resource-id='com.example.svetlana.scheduler:id/login_btn']}[Ljava.lang.StackTraceElement;@7e4fb5d0
21:36:38 INFO  config.AppiumListener - Screen with error in file-->C:\Users\gorbu\Documents\GitHub\POM_Qa30_SuperScheduler\src\test\screenshots\scr2198.png
21:36:38 INFO  config.AppiumListener - Start find element-->By.xpath: //android.widget.ImageButton[@content-desc='Open']
21:36:39 INFO  config.AppiumListener - The element was found-->By.xpath: //android.widget.ImageButton[@content-desc='Open']
21:36:39 INFO  config.AppiumListener - Start find element-->By.xpath: //*[@resource-id='com.example.svetlana.scheduler:id/nav_fr_logout']
21:36:41 INFO  config.AppiumListener - The element was found-->By.xpath: //*[@resource-id='com.example.svetlana.scheduler:id/nav_fr_logout']
21:36:41 ERROR config.AppiumListener - Problem-->An element could not be located on the page using the given search parameters.
For documentation on this error, please visit: https://www.seleniumhq.org/exceptions/no_such_element.html
Build info: version: '3.141.59', revision: 'e82be7d358', time: '2018-11-14T08:17:03'
System info: host: 'LAPTOP-44JBEN25', ip: '172.20.10.2', os.name: 'Windows 10', os.arch: 'amd64', os.version: '10.0', java.version: '1.8.0_301'
Driver info: io.appium.java_client.AppiumDriver
Capabilities {app: C:\Tools\v.0.0.3.apk, appActivity: .presentation.splashScreen...., appPackage: com.example.svetlana.scheduler, automationName: Appium, databaseEnabled: false, desired: {app: C:\Tools\v.0.0.3.apk, appActivity: .presentation.splashScreen...., appPackage: com.example.svetlana.scheduler, automationName: Appium, deviceName: Nexus_5, platformName: android, platformVersion: 8.0}, deviceApiLevel: 26, deviceManufacturer: Google, deviceModel: Android SDK built for x86, deviceName: emulator-5554, deviceScreenDensity: 480, deviceScreenSize: 1080x1920, deviceUDID: emulator-5554, javascriptEnabled: true, locationContextEnabled: false, networkConnectionEnabled: true, pixelRatio: 3, platform: LINUX, platformName: Android, platformVersion: 8.0.0, statBarHeight: 72, takesScreenshot: true, viewportRect: {height: 1704, left: 0, top: 72, width: 1080}, warnings: {}, webStorageEnabled: false}
Session ID: ce11ab24-a736-4b3a-81a1-3ca2b2dc4d64
*** Element info: {Using=xpath, value=//*[@resource-id='com.example.svetlana.scheduler:id/nav_fr_logout']}[Ljava.lang.StackTraceElement;@46462541
21:36:42 INFO  config.AppiumListener - Screen with error in file-->C:\Users\gorbu\Documents\GitHub\POM_Qa30_SuperScheduler\src\test\screenshots\scr2202.png
21:36:42 INFO  config.AppiumListener - Start find element-->By.xpath: //*[@resource-id='com.example.svetlana.scheduler:id/nav_fr_logout']
21:36:44 INFO  config.AppiumListener - The element was found-->By.xpath: //*[@resource-id='com.example.svetlana.scheduler:id/nav_fr_logout']
21:36:44 INFO  config.AppiumListener - Start find element-->By.xpath: //*[@resource-id='com.example.svetlana.scheduler:id/nav_fr_logout']
21:36:45 INFO  config.AppiumListener - The element was found-->By.xpath: //*[@resource-id='com.example.svetlana.scheduler:id/nav_fr_logout']
21:36:45 INFO  config.ConfigurationScheduler - Start test-->loginSuccessTest
21:36:45 INFO  config.AppiumListener - Start find element-->By.xpath: //*[@resource-id='com.example.svetlana.scheduler:id/log_email_input']
21:36:47 INFO  config.AppiumListener - The element was found-->By.xpath: //*[@resource-id='com.example.svetlana.scheduler:id/log_email_input']
21:36:47 INFO  config.AppiumListener - Start find element-->By.xpath: //*[@resource-id='com.example.svetlana.scheduler:id/log_email_input']
21:36:47 INFO  config.AppiumListener - The element was found-->By.xpath: //*[@resource-id='com.example.svetlana.scheduler:id/log_email_input']
21:36:47 INFO  config.AppiumListener - Start find element-->By.xpath: //*[@resource-id='com.example.svetlana.scheduler:id/log_email_input']
21:36:48 INFO  config.AppiumListener - The element was found-->By.xpath: //*[@resource-id='com.example.svetlana.scheduler:id/log_email_input']
21:36:48 INFO  config.AppiumListener - Start find element-->By.xpath: //*[@resource-id='com.example.svetlana.scheduler:id/log_email_input']
21:36:49 INFO  config.AppiumListener - The element was found-->By.xpath: //*[@resource-id='com.example.svetlana.scheduler:id/log_email_input']
21:36:49 INFO  config.AppiumListener - Start find element-->By.xpath: //*[@resource-id='com.example.svetlana.scheduler:id/log_password_input']
21:36:50 INFO  config.AppiumListener - The element was found-->By.xpath: //*[@resource-id='com.example.svetlana.scheduler:id/log_password_input']
21:36:50 INFO  config.AppiumListener - Start find element-->By.xpath: //*[@resource-id='com.example.svetlana.scheduler:id/log_password_input']
21:36:51 INFO  config.AppiumListener - The element was found-->By.xpath: //*[@resource-id='com.example.svetlana.scheduler:id/log_password_input']
21:36:51 INFO  config.AppiumListener - Start find element-->By.xpath: //*[@resource-id='com.example.svetlana.scheduler:id/log_password_input']
21:36:51 INFO  config.AppiumListener - The element was found-->By.xpath: //*[@resource-id='com.example.svetlana.scheduler:id/log_password_input']
21:36:53 INFO  config.AppiumListener - Start find element-->By.xpath: //*[@resource-id='com.example.svetlana.scheduler:id/login_btn']
21:36:53 INFO  config.AppiumListener - The element was found-->By.xpath: //*[@resource-id='com.example.svetlana.scheduler:id/login_btn']
21:36:53 INFO  config.AppiumListener - Start find element-->By.xpath: //*[@resource-id='com.example.svetlana.scheduler:id/wizard_settings_skip_container']
21:36:56 INFO  config.AppiumListener - The element was found-->By.xpath: //*[@resource-id='com.example.svetlana.scheduler:id/wizard_settings_skip_container']
21:36:56 ERROR config.AppiumListener - Problem-->An element could not be located on the page using the given search parameters.
For documentation on this error, please visit: https://www.seleniumhq.org/exceptions/no_such_element.html
Build info: version: '3.141.59', revision: 'e82be7d358', time: '2018-11-14T08:17:03'
System info: host: 'LAPTOP-44JBEN25', ip: '172.20.10.2', os.name: 'Windows 10', os.arch: 'amd64', os.version: '10.0', java.version: '1.8.0_301'
Driver info: io.appium.java_client.AppiumDriver
Capabilities {app: C:\Tools\v.0.0.3.apk, appActivity: .presentation.splashScreen...., appPackage: com.example.svetlana.scheduler, automationName: Appium, databaseEnabled: false, desired: {app: C:\Tools\v.0.0.3.apk, appActivity: .presentation.splashScreen...., appPackage: com.example.svetlana.scheduler, automationName: Appium, deviceName: Nexus_5, platformName: android, platformVersion: 8.0}, deviceApiLevel: 26, deviceManufacturer: Google, deviceModel: Android SDK built for x86, deviceName: emulator-5554, deviceScreenDensity: 480, deviceScreenSize: 1080x1920, deviceUDID: emulator-5554, javascriptEnabled: true, locationContextEnabled: false, networkConnectionEnabled: true, pixelRatio: 3, platform: LINUX, platformName: Android, platformVersion: 8.0.0, statBarHeight: 72, takesScreenshot: true, viewportRect: {height: 1704, left: 0, top: 72, width: 1080}, warnings: {}, webStorageEnabled: false}
Session ID: ce11ab24-a736-4b3a-81a1-3ca2b2dc4d64
*** Element info: {Using=xpath, value=//*[@resource-id='com.example.svetlana.scheduler:id/wizard_settings_skip_container']}[Ljava.lang.StackTraceElement;@201c6e52
21:36:58 INFO  config.AppiumListener - Screen with error in file-->C:\Users\gorbu\Documents\GitHub\POM_Qa30_SuperScheduler\src\test\screenshots\scr2218.png
21:36:58 INFO  config.AppiumListener - Start find element-->By.xpath: //*[@resource-id='com.example.svetlana.scheduler:id/fab_main']
21:36:58 INFO  config.AppiumListener - The element was found-->By.xpath: //*[@resource-id='com.example.svetlana.scheduler:id/fab_main']
21:36:58 INFO  config.AppiumListener - Start find element-->By.xpath: //*[@resource-id='com.example.svetlana.scheduler:id/fab_main']
21:36:58 INFO  config.AppiumListener - The element was found-->By.xpath: //*[@resource-id='com.example.svetlana.scheduler:id/fab_main']
21:36:58 INFO  config.ConfigurationScheduler - Finish the Test-->loginSuccessTest
21:36:58 INFO  config.AppiumListener - Start find element-->By.xpath: //*[@resource-id='com.example.svetlana.scheduler:id/login_btn']
21:36:58 INFO  config.AppiumListener - The element was found-->By.xpath: //*[@resource-id='com.example.svetlana.scheduler:id/login_btn']
21:36:58 ERROR config.AppiumListener - Problem-->An element could not be located on the page using the given search parameters.
For documentation on this error, please visit: https://www.seleniumhq.org/exceptions/no_such_element.html
Build info: version: '3.141.59', revision: 'e82be7d358', time: '2018-11-14T08:17:03'
System info: host: 'LAPTOP-44JBEN25', ip: '172.20.10.2', os.name: 'Windows 10', os.arch: 'amd64', os.version: '10.0', java.version: '1.8.0_301'
Driver info: io.appium.java_client.AppiumDriver
Capabilities {app: C:\Tools\v.0.0.3.apk, appActivity: .presentation.splashScreen...., appPackage: com.example.svetlana.scheduler, automationName: Appium, databaseEnabled: false, desired: {app: C:\Tools\v.0.0.3.apk, appActivity: .presentation.splashScreen...., appPackage: com.example.svetlana.scheduler, automationName: Appium, deviceName: Nexus_5, platformName: android, platformVersion: 8.0}, deviceApiLevel: 26, deviceManufacturer: Google, deviceModel: Android SDK built for x86, deviceName: emulator-5554, deviceScreenDensity: 480, deviceScreenSize: 1080x1920, deviceUDID: emulator-5554, javascriptEnabled: true, locationContextEnabled: false, networkConnectionEnabled: true, pixelRatio: 3, platform: LINUX, platformName: Android, platformVersion: 8.0.0, statBarHeight: 72, takesScreenshot: true, viewportRect: {height: 1704, left: 0, top: 72, width: 1080}, warnings: {}, webStorageEnabled: false}
Session ID: ce11ab24-a736-4b3a-81a1-3ca2b2dc4d64
*** Element info: {Using=xpath, value=//*[@resource-id='com.example.svetlana.scheduler:id/login_btn']}[Ljava.lang.StackTraceElement;@df06a69
21:37:00 INFO  config.AppiumListener - Screen with error in file-->C:\Users\gorbu\Documents\GitHub\POM_Qa30_SuperScheduler\src\test\screenshots\scr2220.png
21:37:00 INFO  config.AppiumListener - Start find element-->By.xpath: //android.widget.ImageButton[@content-desc='Open']
21:37:01 INFO  config.AppiumListener - The element was found-->By.xpath: //android.widget.ImageButton[@content-desc='Open']
21:37:01 INFO  config.AppiumListener - Start find element-->By.xpath: //*[@resource-id='com.example.svetlana.scheduler:id/nav_fr_logout']
21:37:01 INFO  config.AppiumListener - The element was found-->By.xpath: //*[@resource-id='com.example.svetlana.scheduler:id/nav_fr_logout']
21:37:02 INFO  config.AppiumListener - Start find element-->By.xpath: //*[@resource-id='com.example.svetlana.scheduler:id/nav_fr_logout']
21:37:02 INFO  config.AppiumListener - The element was found-->By.xpath: //*[@resource-id='com.example.svetlana.scheduler:id/nav_fr_logout']
