21:37:30 INFO  config.AppiumListener - Start find element-->By.xpath: //*[@resource-id='com.example.svetlana.scheduler:id/log_email_input']
21:37:30 INFO  config.AppiumListener - The element was found-->By.xpath: //*[@resource-id='com.example.svetlana.scheduler:id/log_email_input']
21:37:30 ERROR config.AppiumListener - Problem-->An element could not be located on the page using the given search parameters.
For documentation on this error, please visit: https://www.seleniumhq.org/exceptions/no_such_element.html
Build info: version: '3.141.59', revision: 'e82be7d358', time: '2018-11-14T08:17:03'
System info: host: 'LAPTOP-44JBEN25', ip: '172.20.10.2', os.name: 'Windows 10', os.arch: 'amd64', os.version: '10.0', java.version: '1.8.0_301'
Driver info: io.appium.java_client.AppiumDriver
Capabilities {app: C:\Tools\v.0.0.3.apk, appActivity: .presentation.splashScreen...., appPackage: com.example.svetlana.scheduler, automationName: Appium, databaseEnabled: false, desired: {app: C:\Tools\v.0.0.3.apk, appActivity: .presentation.splashScreen...., appPackage: com.example.svetlana.scheduler, automationName: Appium, deviceName: Nexus_5, platformName: android, platformVersion: 8.0}, deviceApiLevel: 26, deviceManufacturer: Google, deviceModel: Android SDK built for x86, deviceName: emulator-5554, deviceScreenDensity: 480, deviceScreenSize: 1080x1920, deviceUDID: emulator-5554, javascriptEnabled: true, locationContextEnabled: false, networkConnectionEnabled: true, pixelRatio: 3, platform: LINUX, platformName: Android, platformVersion: 8.0.0, statBarHeight: 72, takesScreenshot: true, viewportRect: {height: 1704, left: 0, top: 72, width: 1080}, warnings: {}, webStorageEnabled: false}
Session ID: 0b5f5eb2-ee0e-4d7b-ade2-6b16e02f6031
*** Element info: {Using=xpath, value=//*[@resource-id='com.example.svetlana.scheduler:id/log_email_input']}[Ljava.lang.StackTraceElement;@5c7d2d3d
21:37:31 INFO  config.AppiumListener - Screen with error in file-->C:\Users\gorbu\Documents\GitHub\POM_Qa30_SuperScheduler\src\test\screenshots\scr2251.png
21:37:31 INFO  config.AppiumListener - Start find element-->By.xpath: //*[@resource-id='com.example.svetlana.scheduler:id/log_email_input']
21:37:32 INFO  config.AppiumListener - The element was found-->By.xpath: //*[@resource-id='com.example.svetlana.scheduler:id/log_email_input']
21:37:32 ERROR config.AppiumListener - Problem-->An element could not be located on the page using the given search parameters.
For documentation on this error, please visit: https://www.seleniumhq.org/exceptions/no_such_element.html
Build info: version: '3.141.59', revision: 'e82be7d358', time: '2018-11-14T08:17:03'
System info: host: 'LAPTOP-44JBEN25', ip: '172.20.10.2', os.name: 'Windows 10', os.arch: 'amd64', os.version: '10.0', java.version: '1.8.0_301'
Driver info: io.appium.java_client.AppiumDriver
Capabilities {app: C:\Tools\v.0.0.3.apk, appActivity: .presentation.splashScreen...., appPackage: com.example.svetlana.scheduler, automationName: Appium, databaseEnabled: false, desired: {app: C:\Tools\v.0.0.3.apk, appActivity: .presentation.splashScreen...., appPackage: com.example.svetlana.scheduler, automationName: Appium, deviceName: Nexus_5, platformName: android, platformVersion: 8.0}, deviceApiLevel: 26, deviceManufacturer: Google, deviceModel: Android SDK built for x86, deviceName: emulator-5554, deviceScreenDensity: 480, deviceScreenSize: 1080x1920, deviceUDID: emulator-5554, javascriptEnabled: true, locationContextEnabled: false, networkConnectionEnabled: true, pixelRatio: 3, platform: LINUX, platformName: Android, platformVersion: 8.0.0, statBarHeight: 72, takesScreenshot: true, viewportRect: {height: 1704, left: 0, top: 72, width: 1080}, warnings: {}, webStorageEnabled: false}
Session ID: 0b5f5eb2-ee0e-4d7b-ade2-6b16e02f6031
*** Element info: {Using=xpath, value=//*[@resource-id='com.example.svetlana.scheduler:id/log_email_input']}[Ljava.lang.StackTraceElement;@15454b2d
21:37:32 INFO  config.AppiumListener - Screen with error in file-->C:\Users\gorbu\Documents\GitHub\POM_Qa30_SuperScheduler\src\test\screenshots\scr2252.png
21:37:33 INFO  config.AppiumListener - Start find element-->By.xpath: //*[@resource-id='com.example.svetlana.scheduler:id/log_email_input']
21:37:33 INFO  config.AppiumListener - The element was found-->By.xpath: //*[@resource-id='com.example.svetlana.scheduler:id/log_email_input']
21:37:33 ERROR config.AppiumListener - Problem-->An element could not be located on the page using the given search parameters.
For documentation on this error, please visit: https://www.seleniumhq.org/exceptions/no_such_element.html
Build info: version: '3.141.59', revision: 'e82be7d358', time: '2018-11-14T08:17:03'
System info: host: 'LAPTOP-44JBEN25', ip: '172.20.10.2', os.name: 'Windows 10', os.arch: 'amd64', os.version: '10.0', java.version: '1.8.0_301'
Driver info: io.appium.java_client.AppiumDriver
Capabilities {app: C:\Tools\v.0.0.3.apk, appActivity: .presentation.splashScreen...., appPackage: com.example.svetlana.scheduler, automationName: Appium, databaseEnabled: false, desired: {app: C:\Tools\v.0.0.3.apk, appActivity: .presentation.splashScreen...., appPackage: com.example.svetlana.scheduler, automationName: Appium, deviceName: Nexus_5, platformName: android, platformVersion: 8.0}, deviceApiLevel: 26, deviceManufacturer: Google, deviceModel: Android SDK built for x86, deviceName: emulator-5554, deviceScreenDensity: 480, deviceScreenSize: 1080x1920, deviceUDID: emulator-5554, javascriptEnabled: true, locationContextEnabled: false, networkConnectionEnabled: true, pixelRatio: 3, platform: LINUX, platformName: Android, platformVersion: 8.0.0, statBarHeight: 72, takesScreenshot: true, viewportRect: {height: 1704, left: 0, top: 72, width: 1080}, warnings: {}, webStorageEnabled: false}
Session ID: 0b5f5eb2-ee0e-4d7b-ade2-6b16e02f6031
*** Element info: {Using=xpath, value=//*[@resource-id='com.example.svetlana.scheduler:id/log_email_input']}[Ljava.lang.StackTraceElement;@612cf086
21:37:33 INFO  config.AppiumListener - Screen with error in file-->C:\Users\gorbu\Documents\GitHub\POM_Qa30_SuperScheduler\src\test\screenshots\scr2253.png
21:37:34 INFO  config.AppiumListener - Start find element-->By.xpath: //*[@resource-id='com.example.svetlana.scheduler:id/log_email_input']
21:37:34 INFO  config.AppiumListener - The element was found-->By.xpath: //*[@resource-id='com.example.svetlana.scheduler:id/log_email_input']
21:37:34 INFO  config.AppiumListener - Start find element-->By.xpath: //*[@resource-id='com.example.svetlana.scheduler:id/log_email_input']
21:37:34 INFO  config.AppiumListener - The element was found-->By.xpath: //*[@resource-id='com.example.svetlana.scheduler:id/log_email_input']
21:37:35 INFO  config.AppiumListener - Start find element-->By.xpath: //*[@resource-id='com.example.svetlana.scheduler:id/log_email_input']
21:37:36 INFO  config.AppiumListener - The element was found-->By.xpath: //*[@resource-id='com.example.svetlana.scheduler:id/log_email_input']
21:37:36 INFO  config.AppiumListener - Start find element-->By.xpath: //*[@resource-id='com.example.svetlana.scheduler:id/log_email_input']
21:37:36 INFO  config.AppiumListener - The element was found-->By.xpath: //*[@resource-id='com.example.svetlana.scheduler:id/log_email_input']
21:37:38 INFO  config.AppiumListener - Start find element-->By.xpath: //*[@resource-id='com.example.svetlana.scheduler:id/log_password_input']
21:37:38 INFO  config.AppiumListener - The element was found-->By.xpath: //*[@resource-id='com.example.svetlana.scheduler:id/log_password_input']
21:37:38 INFO  config.AppiumListener - Start find element-->By.xpath: //*[@resource-id='com.example.svetlana.scheduler:id/log_password_input']
21:37:39 INFO  config.AppiumListener - The element was found-->By.xpath: //*[@resource-id='com.example.svetlana.scheduler:id/log_password_input']
21:37:39 INFO  config.AppiumListener - Start find element-->By.xpath: //*[@resource-id='com.example.svetlana.scheduler:id/log_password_input']
21:37:40 INFO  config.AppiumListener - The element was found-->By.xpath: //*[@resource-id='com.example.svetlana.scheduler:id/log_password_input']
21:37:41 INFO  config.AppiumListener - Start find element-->By.xpath: //*[@resource-id='com.example.svetlana.scheduler:id/login_btn']
21:37:42 INFO  config.AppiumListener - The element was found-->By.xpath: //*[@resource-id='com.example.svetlana.scheduler:id/login_btn']
21:37:42 INFO  config.AppiumListener - Start find element-->By.xpath: //*[@resource-id='com.example.svetlana.scheduler:id/wizard_settings_skip_container']
21:37:43 INFO  config.AppiumListener - The element was found-->By.xpath: //*[@resource-id='com.example.svetlana.scheduler:id/wizard_settings_skip_container']
21:37:43 ERROR config.AppiumListener - Problem-->An element could not be located on the page using the given search parameters.
For documentation on this error, please visit: https://www.seleniumhq.org/exceptions/no_such_element.html
Build info: version: '3.141.59', revision: 'e82be7d358', time: '2018-11-14T08:17:03'
System info: host: 'LAPTOP-44JBEN25', ip: '172.20.10.2', os.name: 'Windows 10', os.arch: 'amd64', os.version: '10.0', java.version: '1.8.0_301'
Driver info: io.appium.java_client.AppiumDriver
Capabilities {app: C:\Tools\v.0.0.3.apk, appActivity: .presentation.splashScreen...., appPackage: com.example.svetlana.scheduler, automationName: Appium, databaseEnabled: false, desired: {app: C:\Tools\v.0.0.3.apk, appActivity: .presentation.splashScreen...., appPackage: com.example.svetlana.scheduler, automationName: Appium, deviceName: Nexus_5, platformName: android, platformVersion: 8.0}, deviceApiLevel: 26, deviceManufacturer: Google, deviceModel: Android SDK built for x86, deviceName: emulator-5554, deviceScreenDensity: 480, deviceScreenSize: 1080x1920, deviceUDID: emulator-5554, javascriptEnabled: true, locationContextEnabled: false, networkConnectionEnabled: true, pixelRatio: 3, platform: LINUX, platformName: Android, platformVersion: 8.0.0, statBarHeight: 72, takesScreenshot: true, viewportRect: {height: 1704, left: 0, top: 72, width: 1080}, warnings: {}, webStorageEnabled: false}
Session ID: 0b5f5eb2-ee0e-4d7b-ade2-6b16e02f6031
*** Element info: {Using=xpath, value=//*[@resource-id='com.example.svetlana.scheduler:id/wizard_settings_skip_container']}[Ljava.lang.StackTraceElement;@31193afc
21:37:45 INFO  config.AppiumListener - Screen with error in file-->C:\Users\gorbu\Documents\GitHub\POM_Qa30_SuperScheduler\src\test\screenshots\scr2265.png
21:37:45 INFO  config.AppiumListener - Start find element-->By.xpath: //*[@resource-id='com.example.svetlana.scheduler:id/fab_main']
21:37:47 INFO  config.AppiumListener - The element was found-->By.xpath: //*[@resource-id='com.example.svetlana.scheduler:id/fab_main']
21:37:47 INFO  config.AppiumListener - Start find element-->By.xpath: //*[@resource-id='com.example.svetlana.scheduler:id/fab_main']
21:37:49 INFO  config.AppiumListener - The element was found-->By.xpath: //*[@resource-id='com.example.svetlana.scheduler:id/fab_main']
21:37:49 INFO  config.AppiumListener - Start find element-->By.xpath: //*[@resource-id='com.example.svetlana.scheduler:id/fab_main']
21:37:51 INFO  config.AppiumListener - The element was found-->By.xpath: //*[@resource-id='com.example.svetlana.scheduler:id/fab_main']
21:37:51 INFO  config.AppiumListener - Start find element-->By.xpath: //*[@resource-id='com.example.svetlana.scheduler:id/fab_add_event']
21:37:53 INFO  config.AppiumListener - The element was found-->By.xpath: //*[@resource-id='com.example.svetlana.scheduler:id/fab_add_event']
21:37:53 INFO  config.AppiumListener - Start find element-->By.xpath: //*[@resource-id='com.example.svetlana.scheduler:id/info_title_input']
21:37:54 INFO  config.AppiumListener - The element was found-->By.xpath: //*[@resource-id='com.example.svetlana.scheduler:id/info_title_input']
21:37:54 ERROR config.AppiumListener - Problem-->An element could not be located on the page using the given search parameters.
For documentation on this error, please visit: https://www.seleniumhq.org/exceptions/no_such_element.html
Build info: version: '3.141.59', revision: 'e82be7d358', time: '2018-11-14T08:17:03'
System info: host: 'LAPTOP-44JBEN25', ip: '172.20.10.2', os.name: 'Windows 10', os.arch: 'amd64', os.version: '10.0', java.version: '1.8.0_301'
Driver info: io.appium.java_client.AppiumDriver
Capabilities {app: C:\Tools\v.0.0.3.apk, appActivity: .presentation.splashScreen...., appPackage: com.example.svetlana.scheduler, automationName: Appium, databaseEnabled: false, desired: {app: C:\Tools\v.0.0.3.apk, appActivity: .presentation.splashScreen...., appPackage: com.example.svetlana.scheduler, automationName: Appium, deviceName: Nexus_5, platformName: android, platformVersion: 8.0}, deviceApiLevel: 26, deviceManufacturer: Google, deviceModel: Android SDK built for x86, deviceName: emulator-5554, deviceScreenDensity: 480, deviceScreenSize: 1080x1920, deviceUDID: emulator-5554, javascriptEnabled: true, locationContextEnabled: false, networkConnectionEnabled: true, pixelRatio: 3, platform: LINUX, platformName: Android, platformVersion: 8.0.0, statBarHeight: 72, takesScreenshot: true, viewportRect: {height: 1704, left: 0, top: 72, width: 1080}, warnings: {}, webStorageEnabled: false}
Session ID: 0b5f5eb2-ee0e-4d7b-ade2-6b16e02f6031
*** Element info: {Using=xpath, value=//*[@resource-id='com.example.svetlana.scheduler:id/info_title_input']}[Ljava.lang.StackTraceElement;@4b949129
21:37:55 INFO  config.AppiumListener - Screen with error in file-->C:\Users\gorbu\Documents\GitHub\POM_Qa30_SuperScheduler\src\test\screenshots\scr2275.png
21:37:55 INFO  config.AppiumListener - Start find element-->By.xpath: //*[@resource-id='com.example.svetlana.scheduler:id/info_title_input']
21:37:56 INFO  config.AppiumListener - The element was found-->By.xpath: //*[@resource-id='com.example.svetlana.scheduler:id/info_title_input']
21:37:56 INFO  config.AppiumListener - Start find element-->By.xpath: //*[@resource-id='com.example.svetlana.scheduler:id/info_title_input']
21:37:56 INFO  config.AppiumListener - The element was found-->By.xpath: //*[@resource-id='com.example.svetlana.scheduler:id/info_title_input']
21:37:56 INFO  config.AppiumListener - Start find element-->By.xpath: //*[@resource-id='com.example.svetlana.scheduler:id/info_title_input']
21:37:57 INFO  config.AppiumListener - The element was found-->By.xpath: //*[@resource-id='com.example.svetlana.scheduler:id/info_title_input']
21:37:57 INFO  config.AppiumListener - Start find element-->By.xpath: //*[@resource-id='com.example.svetlana.scheduler:id/info_title_input']
21:37:58 INFO  config.AppiumListener - The element was found-->By.xpath: //*[@resource-id='com.example.svetlana.scheduler:id/info_title_input']
21:37:59 INFO  config.AppiumListener - Start find element-->By.xpath: //*[@resource-id='com.example.svetlana.scheduler:id/info_type_input']
21:38:00 INFO  config.AppiumListener - The element was found-->By.xpath: //*[@resource-id='com.example.svetlana.scheduler:id/info_type_input']
21:38:00 INFO  config.AppiumListener - Start find element-->By.xpath: //*[@resource-id='com.example.svetlana.scheduler:id/info_type_input']
21:38:01 INFO  config.AppiumListener - The element was found-->By.xpath: //*[@resource-id='com.example.svetlana.scheduler:id/info_type_input']
21:38:01 INFO  config.AppiumListener - Start find element-->By.xpath: //*[@resource-id='com.example.svetlana.scheduler:id/info_type_input']
21:38:02 INFO  config.AppiumListener - The element was found-->By.xpath: //*[@resource-id='com.example.svetlana.scheduler:id/info_type_input']
21:38:03 INFO  config.AppiumListener - Start find element-->By.xpath: //*[@resource-id='com.example.svetlana.scheduler:id/info_break_plus_btn']
21:38:04 INFO  config.AppiumListener - The element was found-->By.xpath: //*[@resource-id='com.example.svetlana.scheduler:id/info_break_plus_btn']
21:38:04 INFO  config.AppiumListener - Start find element-->By.xpath: //*[@resource-id='com.example.svetlana.scheduler:id/info_break_plus_btn']
21:38:05 INFO  config.AppiumListener - The element was found-->By.xpath: //*[@resource-id='com.example.svetlana.scheduler:id/info_break_plus_btn']
21:38:05 INFO  config.AppiumListener - Start find element-->By.xpath: //*[@resource-id='com.example.svetlana.scheduler:id/info_wage_edit']
21:38:06 INFO  config.AppiumListener - The element was found-->By.xpath: //*[@resource-id='com.example.svetlana.scheduler:id/info_wage_edit']
21:38:06 INFO  config.AppiumListener - Start find element-->By.xpath: //*[@resource-id='com.example.svetlana.scheduler:id/info_wage_input']
21:38:07 INFO  config.AppiumListener - The element was found-->By.xpath: //*[@resource-id='com.example.svetlana.scheduler:id/info_wage_input']
21:38:07 INFO  config.AppiumListener - Start find element-->By.xpath: //*[@resource-id='com.example.svetlana.scheduler:id/info_wage_input']
21:38:08 INFO  config.AppiumListener - The element was found-->By.xpath: //*[@resource-id='com.example.svetlana.scheduler:id/info_wage_input']
21:38:08 INFO  config.AppiumListener - Start find element-->By.xpath: //*[@resource-id='com.example.svetlana.scheduler:id/info_wage_input']
21:38:09 INFO  config.AppiumListener - The element was found-->By.xpath: //*[@resource-id='com.example.svetlana.scheduler:id/info_wage_input']
21:38:09 INFO  config.AppiumListener - Start find element-->By.xpath: //*[@resource-id='com.example.svetlana.scheduler:id/info_wage_save']
21:38:10 INFO  config.AppiumListener - The element was found-->By.xpath: //*[@resource-id='com.example.svetlana.scheduler:id/info_wage_save']
21:38:10 INFO  config.AppiumListener - Start find element-->By.xpath: //*[@resource-id='com.example.svetlana.scheduler:id/info_save_btn']
21:38:10 INFO  config.AppiumListener - The element was found-->By.xpath: //*[@resource-id='com.example.svetlana.scheduler:id/info_save_btn']
21:38:10 ERROR config.AppiumListener - Problem-->An element could not be located on the page using the given search parameters.
For documentation on this error, please visit: https://www.seleniumhq.org/exceptions/no_such_element.html
Build info: version: '3.141.59', revision: 'e82be7d358', time: '2018-11-14T08:17:03'
System info: host: 'LAPTOP-44JBEN25', ip: '172.20.10.2', os.name: 'Windows 10', os.arch: 'amd64', os.version: '10.0', java.version: '1.8.0_301'
Driver info: io.appium.java_client.AppiumDriver
Capabilities {app: C:\Tools\v.0.0.3.apk, appActivity: .presentation.splashScreen...., appPackage: com.example.svetlana.scheduler, automationName: Appium, databaseEnabled: false, desired: {app: C:\Tools\v.0.0.3.apk, appActivity: .presentation.splashScreen...., appPackage: com.example.svetlana.scheduler, automationName: Appium, deviceName: Nexus_5, platformName: android, platformVersion: 8.0}, deviceApiLevel: 26, deviceManufacturer: Google, deviceModel: Android SDK built for x86, deviceName: emulator-5554, deviceScreenDensity: 480, deviceScreenSize: 1080x1920, deviceUDID: emulator-5554, javascriptEnabled: true, locationContextEnabled: false, networkConnectionEnabled: true, pixelRatio: 3, platform: LINUX, platformName: Android, platformVersion: 8.0.0, statBarHeight: 72, takesScreenshot: true, viewportRect: {height: 1704, left: 0, top: 72, width: 1080}, warnings: {}, webStorageEnabled: false}
Session ID: 0b5f5eb2-ee0e-4d7b-ade2-6b16e02f6031
*** Element info: {Using=xpath, value=//*[@resource-id='com.example.svetlana.scheduler:id/info_save_btn']}[Ljava.lang.StackTraceElement;@723e2006
21:38:11 INFO  config.AppiumListener - Screen with error in file-->C:\Users\gorbu\Documents\GitHub\POM_Qa30_SuperScheduler\src\test\screenshots\scr2291.png
21:38:11 INFO  config.AppiumListener - Start find element-->By.xpath: //*[@resource-id='com.example.svetlana.scheduler:id/login_btn']
21:38:12 INFO  config.AppiumListener - The element was found-->By.xpath: //*[@resource-id='com.example.svetlana.scheduler:id/login_btn']
21:38:12 ERROR config.AppiumListener - Problem-->An element could not be located on the page using the given search parameters.
For documentation on this error, please visit: https://www.seleniumhq.org/exceptions/no_such_element.html
Build info: version: '3.141.59', revision: 'e82be7d358', time: '2018-11-14T08:17:03'
System info: host: 'LAPTOP-44JBEN25', ip: '172.20.10.2', os.name: 'Windows 10', os.arch: 'amd64', os.version: '10.0', java.version: '1.8.0_301'
Driver info: io.appium.java_client.AppiumDriver
Capabilities {app: C:\Tools\v.0.0.3.apk, appActivity: .presentation.splashScreen...., appPackage: com.example.svetlana.scheduler, automationName: Appium, databaseEnabled: false, desired: {app: C:\Tools\v.0.0.3.apk, appActivity: .presentation.splashScreen...., appPackage: com.example.svetlana.scheduler, automationName: Appium, deviceName: Nexus_5, platformName: android, platformVersion: 8.0}, deviceApiLevel: 26, deviceManufacturer: Google, deviceModel: Android SDK built for x86, deviceName: emulator-5554, deviceScreenDensity: 480, deviceScreenSize: 1080x1920, deviceUDID: emulator-5554, javascriptEnabled: true, locationContextEnabled: false, networkConnectionEnabled: true, pixelRatio: 3, platform: LINUX, platformName: Android, platformVersion: 8.0.0, statBarHeight: 72, takesScreenshot: true, viewportRect: {height: 1704, left: 0, top: 72, width: 1080}, warnings: {}, webStorageEnabled: false}
Session ID: 0b5f5eb2-ee0e-4d7b-ade2-6b16e02f6031
*** Element info: {Using=xpath, value=//*[@resource-id='com.example.svetlana.scheduler:id/login_btn']}[Ljava.lang.StackTraceElement;@678b2ae3
21:38:12 INFO  config.AppiumListener - Screen with error in file-->C:\Users\gorbu\Documents\GitHub\POM_Qa30_SuperScheduler\src\test\screenshots\scr2292.png
21:38:12 INFO  config.AppiumListener - Start find element-->By.xpath: //android.widget.ImageButton[@content-desc='Open']
21:38:12 INFO  config.AppiumListener - The element was found-->By.xpath: //android.widget.ImageButton[@content-desc='Open']
21:38:12 ERROR config.AppiumListener - Problem-->An element could not be located on the page using the given search parameters.
For documentation on this error, please visit: https://www.seleniumhq.org/exceptions/no_such_element.html
Build info: version: '3.141.59', revision: 'e82be7d358', time: '2018-11-14T08:17:03'
System info: host: 'LAPTOP-44JBEN25', ip: '172.20.10.2', os.name: 'Windows 10', os.arch: 'amd64', os.version: '10.0', java.version: '1.8.0_301'
Driver info: io.appium.java_client.AppiumDriver
Capabilities {app: C:\Tools\v.0.0.3.apk, appActivity: .presentation.splashScreen...., appPackage: com.example.svetlana.scheduler, automationName: Appium, databaseEnabled: false, desired: {app: C:\Tools\v.0.0.3.apk, appActivity: .presentation.splashScreen...., appPackage: com.example.svetlana.scheduler, automationName: Appium, deviceName: Nexus_5, platformName: android, platformVersion: 8.0}, deviceApiLevel: 26, deviceManufacturer: Google, deviceModel: Android SDK built for x86, deviceName: emulator-5554, deviceScreenDensity: 480, deviceScreenSize: 1080x1920, deviceUDID: emulator-5554, javascriptEnabled: true, locationContextEnabled: false, networkConnectionEnabled: true, pixelRatio: 3, platform: LINUX, platformName: Android, platformVersion: 8.0.0, statBarHeight: 72, takesScreenshot: true, viewportRect: {height: 1704, left: 0, top: 72, width: 1080}, warnings: {}, webStorageEnabled: false}
Session ID: 0b5f5eb2-ee0e-4d7b-ade2-6b16e02f6031
*** Element info: {Using=xpath, value=//android.widget.ImageButton[@content-desc='Open']}[Ljava.lang.StackTraceElement;@654f602b
21:38:13 INFO  config.AppiumListener - Screen with error in file-->C:\Users\gorbu\Documents\GitHub\POM_Qa30_SuperScheduler\src\test\screenshots\scr2293.png
21:38:14 INFO  config.AppiumListener - Start find element-->By.xpath: //android.widget.ImageButton[@content-desc='Open']
21:38:14 INFO  config.AppiumListener - The element was found-->By.xpath: //android.widget.ImageButton[@content-desc='Open']
21:38:14 ERROR config.AppiumListener - Problem-->An element could not be located on the page using the given search parameters.
For documentation on this error, please visit: https://www.seleniumhq.org/exceptions/no_such_element.html
Build info: version: '3.141.59', revision: 'e82be7d358', time: '2018-11-14T08:17:03'
System info: host: 'LAPTOP-44JBEN25', ip: '172.20.10.2', os.name: 'Windows 10', os.arch: 'amd64', os.version: '10.0', java.version: '1.8.0_301'
Driver info: io.appium.java_client.AppiumDriver
Capabilities {app: C:\Tools\v.0.0.3.apk, appActivity: .presentation.splashScreen...., appPackage: com.example.svetlana.scheduler, automationName: Appium, databaseEnabled: false, desired: {app: C:\Tools\v.0.0.3.apk, appActivity: .presentation.splashScreen...., appPackage: com.example.svetlana.scheduler, automationName: Appium, deviceName: Nexus_5, platformName: android, platformVersion: 8.0}, deviceApiLevel: 26, deviceManufacturer: Google, deviceModel: Android SDK built for x86, deviceName: emulator-5554, deviceScreenDensity: 480, deviceScreenSize: 1080x1920, deviceUDID: emulator-5554, javascriptEnabled: true, locationContextEnabled: false, networkConnectionEnabled: true, pixelRatio: 3, platform: LINUX, platformName: Android, platformVersion: 8.0.0, statBarHeight: 72, takesScreenshot: true, viewportRect: {height: 1704, left: 0, top: 72, width: 1080}, warnings: {}, webStorageEnabled: false}
Session ID: 0b5f5eb2-ee0e-4d7b-ade2-6b16e02f6031
*** Element info: {Using=xpath, value=//android.widget.ImageButton[@content-desc='Open']}[Ljava.lang.StackTraceElement;@47df3fcb
21:38:14 INFO  config.AppiumListener - Screen with error in file-->C:\Users\gorbu\Documents\GitHub\POM_Qa30_SuperScheduler\src\test\screenshots\scr2294.png
21:38:14 INFO  config.ConfigurationScheduler - Start test-->logOut
21:38:14 INFO  config.ConfigurationScheduler - Test logOut starts with email -your2@gmail.com
21:38:14 INFO  config.ConfigurationScheduler - Test logOut starts with password -Yy123456$
21:38:14 INFO  config.AppiumListener - Start find element-->By.xpath: //*[@resource-id='com.example.svetlana.scheduler:id/log_email_input']
21:38:15 INFO  config.AppiumListener - The element was found-->By.xpath: //*[@resource-id='com.example.svetlana.scheduler:id/log_email_input']
21:38:15 ERROR config.AppiumListener - Problem-->An element could not be located on the page using the given search parameters.
For documentation on this error, please visit: https://www.seleniumhq.org/exceptions/no_such_element.html
Build info: version: '3.141.59', revision: 'e82be7d358', time: '2018-11-14T08:17:03'
System info: host: 'LAPTOP-44JBEN25', ip: '172.20.10.2', os.name: 'Windows 10', os.arch: 'amd64', os.version: '10.0', java.version: '1.8.0_301'
Driver info: io.appium.java_client.AppiumDriver
Capabilities {app: C:\Tools\v.0.0.3.apk, appActivity: .presentation.splashScreen...., appPackage: com.example.svetlana.scheduler, automationName: Appium, databaseEnabled: false, desired: {app: C:\Tools\v.0.0.3.apk, appActivity: .presentation.splashScreen...., appPackage: com.example.svetlana.scheduler, automationName: Appium, deviceName: Nexus_5, platformName: android, platformVersion: 8.0}, deviceApiLevel: 26, deviceManufacturer: Google, deviceModel: Android SDK built for x86, deviceName: emulator-5554, deviceScreenDensity: 480, deviceScreenSize: 1080x1920, deviceUDID: emulator-5554, javascriptEnabled: true, locationContextEnabled: false, networkConnectionEnabled: true, pixelRatio: 3, platform: LINUX, platformName: Android, platformVersion: 8.0.0, statBarHeight: 72, takesScreenshot: true, viewportRect: {height: 1704, left: 0, top: 72, width: 1080}, warnings: {}, webStorageEnabled: false}
Session ID: 0b5f5eb2-ee0e-4d7b-ade2-6b16e02f6031
*** Element info: {Using=xpath, value=//*[@resource-id='com.example.svetlana.scheduler:id/log_email_input']}[Ljava.lang.StackTraceElement;@6a5f3f17
21:38:15 INFO  config.AppiumListener - Screen with error in file-->C:\Users\gorbu\Documents\GitHub\POM_Qa30_SuperScheduler\src\test\screenshots\scr2295.png
21:38:16 INFO  config.AppiumListener - Start find element-->By.xpath: //*[@resource-id='com.example.svetlana.scheduler:id/log_email_input']
21:38:16 INFO  config.AppiumListener - The element was found-->By.xpath: //*[@resource-id='com.example.svetlana.scheduler:id/log_email_input']
21:38:16 ERROR config.AppiumListener - Problem-->An element could not be located on the page using the given search parameters.
For documentation on this error, please visit: https://www.seleniumhq.org/exceptions/no_such_element.html
Build info: version: '3.141.59', revision: 'e82be7d358', time: '2018-11-14T08:17:03'
System info: host: 'LAPTOP-44JBEN25', ip: '172.20.10.2', os.name: 'Windows 10', os.arch: 'amd64', os.version: '10.0', java.version: '1.8.0_301'
Driver info: io.appium.java_client.AppiumDriver
Capabilities {app: C:\Tools\v.0.0.3.apk, appActivity: .presentation.splashScreen...., appPackage: com.example.svetlana.scheduler, automationName: Appium, databaseEnabled: false, desired: {app: C:\Tools\v.0.0.3.apk, appActivity: .presentation.splashScreen...., appPackage: com.example.svetlana.scheduler, automationName: Appium, deviceName: Nexus_5, platformName: android, platformVersion: 8.0}, deviceApiLevel: 26, deviceManufacturer: Google, deviceModel: Android SDK built for x86, deviceName: emulator-5554, deviceScreenDensity: 480, deviceScreenSize: 1080x1920, deviceUDID: emulator-5554, javascriptEnabled: true, locationContextEnabled: false, networkConnectionEnabled: true, pixelRatio: 3, platform: LINUX, platformName: Android, platformVersion: 8.0.0, statBarHeight: 72, takesScreenshot: true, viewportRect: {height: 1704, left: 0, top: 72, width: 1080}, warnings: {}, webStorageEnabled: false}
Session ID: 0b5f5eb2-ee0e-4d7b-ade2-6b16e02f6031
*** Element info: {Using=xpath, value=//*[@resource-id='com.example.svetlana.scheduler:id/log_email_input']}[Ljava.lang.StackTraceElement;@12e2f39a
21:38:17 INFO  config.AppiumListener - Screen with error in file-->C:\Users\gorbu\Documents\GitHub\POM_Qa30_SuperScheduler\src\test\screenshots\scr2297.png
21:38:17 INFO  config.AppiumListener - Start find element-->By.xpath: //*[@resource-id='com.example.svetlana.scheduler:id/log_email_input']
21:38:17 INFO  config.AppiumListener - The element was found-->By.xpath: //*[@resource-id='com.example.svetlana.scheduler:id/log_email_input']
21:38:17 ERROR config.AppiumListener - Problem-->An element could not be located on the page using the given search parameters.
For documentation on this error, please visit: https://www.seleniumhq.org/exceptions/no_such_element.html
Build info: version: '3.141.59', revision: 'e82be7d358', time: '2018-11-14T08:17:03'
System info: host: 'LAPTOP-44JBEN25', ip: '172.20.10.2', os.name: 'Windows 10', os.arch: 'amd64', os.version: '10.0', java.version: '1.8.0_301'
Driver info: io.appium.java_client.AppiumDriver
Capabilities {app: C:\Tools\v.0.0.3.apk, appActivity: .presentation.splashScreen...., appPackage: com.example.svetlana.scheduler, automationName: Appium, databaseEnabled: false, desired: {app: C:\Tools\v.0.0.3.apk, appActivity: .presentation.splashScreen...., appPackage: com.example.svetlana.scheduler, automationName: Appium, deviceName: Nexus_5, platformName: android, platformVersion: 8.0}, deviceApiLevel: 26, deviceManufacturer: Google, deviceModel: Android SDK built for x86, deviceName: emulator-5554, deviceScreenDensity: 480, deviceScreenSize: 1080x1920, deviceUDID: emulator-5554, javascriptEnabled: true, locationContextEnabled: false, networkConnectionEnabled: true, pixelRatio: 3, platform: LINUX, platformName: Android, platformVersion: 8.0.0, statBarHeight: 72, takesScreenshot: true, viewportRect: {height: 1704, left: 0, top: 72, width: 1080}, warnings: {}, webStorageEnabled: false}
Session ID: 0b5f5eb2-ee0e-4d7b-ade2-6b16e02f6031
*** Element info: {Using=xpath, value=//*[@resource-id='com.example.svetlana.scheduler:id/log_email_input']}[Ljava.lang.StackTraceElement;@50ed8d30
21:38:18 INFO  config.AppiumListener - Screen with error in file-->C:\Users\gorbu\Documents\GitHub\POM_Qa30_SuperScheduler\src\test\screenshots\scr2298.png
21:38:19 INFO  config.AppiumListener - Start find element-->By.xpath: //*[@resource-id='com.example.svetlana.scheduler:id/log_email_input']
21:38:19 INFO  config.AppiumListener - The element was found-->By.xpath: //*[@resource-id='com.example.svetlana.scheduler:id/log_email_input']
21:38:19 ERROR config.AppiumListener - Problem-->An element could not be located on the page using the given search parameters.
For documentation on this error, please visit: https://www.seleniumhq.org/exceptions/no_such_element.html
Build info: version: '3.141.59', revision: 'e82be7d358', time: '2018-11-14T08:17:03'
System info: host: 'LAPTOP-44JBEN25', ip: '172.20.10.2', os.name: 'Windows 10', os.arch: 'amd64', os.version: '10.0', java.version: '1.8.0_301'
Driver info: io.appium.java_client.AppiumDriver
Capabilities {app: C:\Tools\v.0.0.3.apk, appActivity: .presentation.splashScreen...., appPackage: com.example.svetlana.scheduler, automationName: Appium, databaseEnabled: false, desired: {app: C:\Tools\v.0.0.3.apk, appActivity: .presentation.splashScreen...., appPackage: com.example.svetlana.scheduler, automationName: Appium, deviceName: Nexus_5, platformName: android, platformVersion: 8.0}, deviceApiLevel: 26, deviceManufacturer: Google, deviceModel: Android SDK built for x86, deviceName: emulator-5554, deviceScreenDensity: 480, deviceScreenSize: 1080x1920, deviceUDID: emulator-5554, javascriptEnabled: true, locationContextEnabled: false, networkConnectionEnabled: true, pixelRatio: 3, platform: LINUX, platformName: Android, platformVersion: 8.0.0, statBarHeight: 72, takesScreenshot: true, viewportRect: {height: 1704, left: 0, top: 72, width: 1080}, warnings: {}, webStorageEnabled: false}
Session ID: 0b5f5eb2-ee0e-4d7b-ade2-6b16e02f6031
*** Element info: {Using=xpath, value=//*[@resource-id='com.example.svetlana.scheduler:id/log_email_input']}[Ljava.lang.StackTraceElement;@174f3673
21:38:19 INFO  config.AppiumListener - Screen with error in file-->C:\Users\gorbu\Documents\GitHub\POM_Qa30_SuperScheduler\src\test\screenshots\scr2299.png
21:38:20 INFO  config.AppiumListener - Start find element-->By.xpath: //*[@resource-id='com.example.svetlana.scheduler:id/log_email_input']
21:38:20 INFO  config.AppiumListener - The element was found-->By.xpath: //*[@resource-id='com.example.svetlana.scheduler:id/log_email_input']
21:38:20 ERROR config.AppiumListener - Problem-->An element could not be located on the page using the given search parameters.
For documentation on this error, please visit: https://www.seleniumhq.org/exceptions/no_such_element.html
Build info: version: '3.141.59', revision: 'e82be7d358', time: '2018-11-14T08:17:03'
System info: host: 'LAPTOP-44JBEN25', ip: '172.20.10.2', os.name: 'Windows 10', os.arch: 'amd64', os.version: '10.0', java.version: '1.8.0_301'
Driver info: io.appium.java_client.AppiumDriver
Capabilities {app: C:\Tools\v.0.0.3.apk, appActivity: .presentation.splashScreen...., appPackage: com.example.svetlana.scheduler, automationName: Appium, databaseEnabled: false, desired: {app: C:\Tools\v.0.0.3.apk, appActivity: .presentation.splashScreen...., appPackage: com.example.svetlana.scheduler, automationName: Appium, deviceName: Nexus_5, platformName: android, platformVersion: 8.0}, deviceApiLevel: 26, deviceManufacturer: Google, deviceModel: Android SDK built for x86, deviceName: emulator-5554, deviceScreenDensity: 480, deviceScreenSize: 1080x1920, deviceUDID: emulator-5554, javascriptEnabled: true, locationContextEnabled: false, networkConnectionEnabled: true, pixelRatio: 3, platform: LINUX, platformName: Android, platformVersion: 8.0.0, statBarHeight: 72, takesScreenshot: true, viewportRect: {height: 1704, left: 0, top: 72, width: 1080}, warnings: {}, webStorageEnabled: false}
Session ID: 0b5f5eb2-ee0e-4d7b-ade2-6b16e02f6031
*** Element info: {Using=xpath, value=//*[@resource-id='com.example.svetlana.scheduler:id/log_email_input']}[Ljava.lang.StackTraceElement;@4a4c0dff
21:38:21 INFO  config.AppiumListener - Screen with error in file-->C:\Users\gorbu\Documents\GitHub\POM_Qa30_SuperScheduler\src\test\screenshots\scr2301.png
21:38:21 INFO  config.AppiumListener - Start find element-->By.xpath: //*[@resource-id='com.example.svetlana.scheduler:id/log_email_input']
21:38:22 INFO  config.AppiumListener - The element was found-->By.xpath: //*[@resource-id='com.example.svetlana.scheduler:id/log_email_input']
21:38:22 ERROR config.AppiumListener - Problem-->An element could not be located on the page using the given search parameters.
For documentation on this error, please visit: https://www.seleniumhq.org/exceptions/no_such_element.html
Build info: version: '3.141.59', revision: 'e82be7d358', time: '2018-11-14T08:17:03'
System info: host: 'LAPTOP-44JBEN25', ip: '172.20.10.2', os.name: 'Windows 10', os.arch: 'amd64', os.version: '10.0', java.version: '1.8.0_301'
Driver info: io.appium.java_client.AppiumDriver
Capabilities {app: C:\Tools\v.0.0.3.apk, appActivity: .presentation.splashScreen...., appPackage: com.example.svetlana.scheduler, automationName: Appium, databaseEnabled: false, desired: {app: C:\Tools\v.0.0.3.apk, appActivity: .presentation.splashScreen...., appPackage: com.example.svetlana.scheduler, automationName: Appium, deviceName: Nexus_5, platformName: android, platformVersion: 8.0}, deviceApiLevel: 26, deviceManufacturer: Google, deviceModel: Android SDK built for x86, deviceName: emulator-5554, deviceScreenDensity: 480, deviceScreenSize: 1080x1920, deviceUDID: emulator-5554, javascriptEnabled: true, locationContextEnabled: false, networkConnectionEnabled: true, pixelRatio: 3, platform: LINUX, platformName: Android, platformVersion: 8.0.0, statBarHeight: 72, takesScreenshot: true, viewportRect: {height: 1704, left: 0, top: 72, width: 1080}, warnings: {}, webStorageEnabled: false}
Session ID: 0b5f5eb2-ee0e-4d7b-ade2-6b16e02f6031
*** Element info: {Using=xpath, value=//*[@resource-id='com.example.svetlana.scheduler:id/log_email_input']}[Ljava.lang.StackTraceElement;@30e1e355
21:38:22 INFO  config.AppiumListener - Screen with error in file-->C:\Users\gorbu\Documents\GitHub\POM_Qa30_SuperScheduler\src\test\screenshots\scr2302.png
21:38:23 INFO  config.AppiumListener - Start find element-->By.xpath: //*[@resource-id='com.example.svetlana.scheduler:id/log_email_input']
21:38:23 INFO  config.AppiumListener - The element was found-->By.xpath: //*[@resource-id='com.example.svetlana.scheduler:id/log_email_input']
21:38:23 ERROR config.AppiumListener - Problem-->An element could not be located on the page using the given search parameters.
For documentation on this error, please visit: https://www.seleniumhq.org/exceptions/no_such_element.html
Build info: version: '3.141.59', revision: 'e82be7d358', time: '2018-11-14T08:17:03'
System info: host: 'LAPTOP-44JBEN25', ip: '172.20.10.2', os.name: 'Windows 10', os.arch: 'amd64', os.version: '10.0', java.version: '1.8.0_301'
Driver info: io.appium.java_client.AppiumDriver
Capabilities {app: C:\Tools\v.0.0.3.apk, appActivity: .presentation.splashScreen...., appPackage: com.example.svetlana.scheduler, automationName: Appium, databaseEnabled: false, desired: {app: C:\Tools\v.0.0.3.apk, appActivity: .presentation.splashScreen...., appPackage: com.example.svetlana.scheduler, automationName: Appium, deviceName: Nexus_5, platformName: android, platformVersion: 8.0}, deviceApiLevel: 26, deviceManufacturer: Google, deviceModel: Android SDK built for x86, deviceName: emulator-5554, deviceScreenDensity: 480, deviceScreenSize: 1080x1920, deviceUDID: emulator-5554, javascriptEnabled: true, locationContextEnabled: false, networkConnectionEnabled: true, pixelRatio: 3, platform: LINUX, platformName: Android, platformVersion: 8.0.0, statBarHeight: 72, takesScreenshot: true, viewportRect: {height: 1704, left: 0, top: 72, width: 1080}, warnings: {}, webStorageEnabled: false}
Session ID: 0b5f5eb2-ee0e-4d7b-ade2-6b16e02f6031
*** Element info: {Using=xpath, value=//*[@resource-id='com.example.svetlana.scheduler:id/log_email_input']}[Ljava.lang.StackTraceElement;@60321d77
21:38:24 INFO  config.AppiumListener - Screen with error in file-->C:\Users\gorbu\Documents\GitHub\POM_Qa30_SuperScheduler\src\test\screenshots\scr2304.png
21:38:24 INFO  config.AppiumListener - Start find element-->By.xpath: //*[@resource-id='com.example.svetlana.scheduler:id/log_email_input']
21:38:24 INFO  config.AppiumListener - The element was found-->By.xpath: //*[@resource-id='com.example.svetlana.scheduler:id/log_email_input']
21:38:24 ERROR config.AppiumListener - Problem-->An element could not be located on the page using the given search parameters.
For documentation on this error, please visit: https://www.seleniumhq.org/exceptions/no_such_element.html
Build info: version: '3.141.59', revision: 'e82be7d358', time: '2018-11-14T08:17:03'
System info: host: 'LAPTOP-44JBEN25', ip: '172.20.10.2', os.name: 'Windows 10', os.arch: 'amd64', os.version: '10.0', java.version: '1.8.0_301'
Driver info: io.appium.java_client.AppiumDriver
Capabilities {app: C:\Tools\v.0.0.3.apk, appActivity: .presentation.splashScreen...., appPackage: com.example.svetlana.scheduler, automationName: Appium, databaseEnabled: false, desired: {app: C:\Tools\v.0.0.3.apk, appActivity: .presentation.splashScreen...., appPackage: com.example.svetlana.scheduler, automationName: Appium, deviceName: Nexus_5, platformName: android, platformVersion: 8.0}, deviceApiLevel: 26, deviceManufacturer: Google, deviceModel: Android SDK built for x86, deviceName: emulator-5554, deviceScreenDensity: 480, deviceScreenSize: 1080x1920, deviceUDID: emulator-5554, javascriptEnabled: true, locationContextEnabled: false, networkConnectionEnabled: true, pixelRatio: 3, platform: LINUX, platformName: Android, platformVersion: 8.0.0, statBarHeight: 72, takesScreenshot: true, viewportRect: {height: 1704, left: 0, top: 72, width: 1080}, warnings: {}, webStorageEnabled: false}
Session ID: 0b5f5eb2-ee0e-4d7b-ade2-6b16e02f6031
*** Element info: {Using=xpath, value=//*[@resource-id='com.example.svetlana.scheduler:id/log_email_input']}[Ljava.lang.StackTraceElement;@61df01a4
21:38:25 INFO  config.AppiumListener - Screen with error in file-->C:\Users\gorbu\Documents\GitHub\POM_Qa30_SuperScheduler\src\test\screenshots\scr2305.png
21:38:25 INFO  config.AppiumListener - Start find element-->By.xpath: //*[@resource-id='com.example.svetlana.scheduler:id/log_email_input']
21:38:26 INFO  config.AppiumListener - The element was found-->By.xpath: //*[@resource-id='com.example.svetlana.scheduler:id/log_email_input']
21:38:26 ERROR config.AppiumListener - Problem-->An element could not be located on the page using the given search parameters.
For documentation on this error, please visit: https://www.seleniumhq.org/exceptions/no_such_element.html
Build info: version: '3.141.59', revision: 'e82be7d358', time: '2018-11-14T08:17:03'
System info: host: 'LAPTOP-44JBEN25', ip: '172.20.10.2', os.name: 'Windows 10', os.arch: 'amd64', os.version: '10.0', java.version: '1.8.0_301'
Driver info: io.appium.java_client.AppiumDriver
Capabilities {app: C:\Tools\v.0.0.3.apk, appActivity: .presentation.splashScreen...., appPackage: com.example.svetlana.scheduler, automationName: Appium, databaseEnabled: false, desired: {app: C:\Tools\v.0.0.3.apk, appActivity: .presentation.splashScreen...., appPackage: com.example.svetlana.scheduler, automationName: Appium, deviceName: Nexus_5, platformName: android, platformVersion: 8.0}, deviceApiLevel: 26, deviceManufacturer: Google, deviceModel: Android SDK built for x86, deviceName: emulator-5554, deviceScreenDensity: 480, deviceScreenSize: 1080x1920, deviceUDID: emulator-5554, javascriptEnabled: true, locationContextEnabled: false, networkConnectionEnabled: true, pixelRatio: 3, platform: LINUX, platformName: Android, platformVersion: 8.0.0, statBarHeight: 72, takesScreenshot: true, viewportRect: {height: 1704, left: 0, top: 72, width: 1080}, warnings: {}, webStorageEnabled: false}
Session ID: 0b5f5eb2-ee0e-4d7b-ade2-6b16e02f6031
*** Element info: {Using=xpath, value=//*[@resource-id='com.example.svetlana.scheduler:id/log_email_input']}[Ljava.lang.StackTraceElement;@63d198a1
21:38:26 INFO  config.AppiumListener - Screen with error in file-->C:\Users\gorbu\Documents\GitHub\POM_Qa30_SuperScheduler\src\test\screenshots\scr2306.png
21:38:27 INFO  config.AppiumListener - Start find element-->By.xpath: //*[@resource-id='com.example.svetlana.scheduler:id/log_email_input']
21:38:27 INFO  config.AppiumListener - The element was found-->By.xpath: //*[@resource-id='com.example.svetlana.scheduler:id/log_email_input']
21:38:27 ERROR config.AppiumListener - Problem-->An element could not be located on the page using the given search parameters.
For documentation on this error, please visit: https://www.seleniumhq.org/exceptions/no_such_element.html
Build info: version: '3.141.59', revision: 'e82be7d358', time: '2018-11-14T08:17:03'
System info: host: 'LAPTOP-44JBEN25', ip: '172.20.10.2', os.name: 'Windows 10', os.arch: 'amd64', os.version: '10.0', java.version: '1.8.0_301'
Driver info: io.appium.java_client.AppiumDriver
Capabilities {app: C:\Tools\v.0.0.3.apk, appActivity: .presentation.splashScreen...., appPackage: com.example.svetlana.scheduler, automationName: Appium, databaseEnabled: false, desired: {app: C:\Tools\v.0.0.3.apk, appActivity: .presentation.splashScreen...., appPackage: com.example.svetlana.scheduler, automationName: Appium, deviceName: Nexus_5, platformName: android, platformVersion: 8.0}, deviceApiLevel: 26, deviceManufacturer: Google, deviceModel: Android SDK built for x86, deviceName: emulator-5554, deviceScreenDensity: 480, deviceScreenSize: 1080x1920, deviceUDID: emulator-5554, javascriptEnabled: true, locationContextEnabled: false, networkConnectionEnabled: true, pixelRatio: 3, platform: LINUX, platformName: Android, platformVersion: 8.0.0, statBarHeight: 72, takesScreenshot: true, viewportRect: {height: 1704, left: 0, top: 72, width: 1080}, warnings: {}, webStorageEnabled: false}
Session ID: 0b5f5eb2-ee0e-4d7b-ade2-6b16e02f6031
*** Element info: {Using=xpath, value=//*[@resource-id='com.example.svetlana.scheduler:id/log_email_input']}[Ljava.lang.StackTraceElement;@bfcbcd9
21:38:28 INFO  config.AppiumListener - Screen with error in file-->C:\Users\gorbu\Documents\GitHub\POM_Qa30_SuperScheduler\src\test\screenshots\scr2308.png
21:38:28 INFO  config.AppiumListener - Start find element-->By.xpath: //*[@resource-id='com.example.svetlana.scheduler:id/log_email_input']
21:38:29 INFO  config.AppiumListener - The element was found-->By.xpath: //*[@resource-id='com.example.svetlana.scheduler:id/log_email_input']
21:38:29 ERROR config.AppiumListener - Problem-->An element could not be located on the page using the given search parameters.
For documentation on this error, please visit: https://www.seleniumhq.org/exceptions/no_such_element.html
Build info: version: '3.141.59', revision: 'e82be7d358', time: '2018-11-14T08:17:03'
System info: host: 'LAPTOP-44JBEN25', ip: '172.20.10.2', os.name: 'Windows 10', os.arch: 'amd64', os.version: '10.0', java.version: '1.8.0_301'
Driver info: io.appium.java_client.AppiumDriver
Capabilities {app: C:\Tools\v.0.0.3.apk, appActivity: .presentation.splashScreen...., appPackage: com.example.svetlana.scheduler, automationName: Appium, databaseEnabled: false, desired: {app: C:\Tools\v.0.0.3.apk, appActivity: .presentation.splashScreen...., appPackage: com.example.svetlana.scheduler, automationName: Appium, deviceName: Nexus_5, platformName: android, platformVersion: 8.0}, deviceApiLevel: 26, deviceManufacturer: Google, deviceModel: Android SDK built for x86, deviceName: emulator-5554, deviceScreenDensity: 480, deviceScreenSize: 1080x1920, deviceUDID: emulator-5554, javascriptEnabled: true, locationContextEnabled: false, networkConnectionEnabled: true, pixelRatio: 3, platform: LINUX, platformName: Android, platformVersion: 8.0.0, statBarHeight: 72, takesScreenshot: true, viewportRect: {height: 1704, left: 0, top: 72, width: 1080}, warnings: {}, webStorageEnabled: false}
Session ID: 0b5f5eb2-ee0e-4d7b-ade2-6b16e02f6031
*** Element info: {Using=xpath, value=//*[@resource-id='com.example.svetlana.scheduler:id/log_email_input']}[Ljava.lang.StackTraceElement;@3cd999f6
21:38:29 INFO  config.AppiumListener - Screen with error in file-->C:\Users\gorbu\Documents\GitHub\POM_Qa30_SuperScheduler\src\test\screenshots\scr2309.png
21:38:30 INFO  config.AppiumListener - Start find element-->By.xpath: //*[@resource-id='com.example.svetlana.scheduler:id/log_email_input']
21:38:30 INFO  config.AppiumListener - The element was found-->By.xpath: //*[@resource-id='com.example.svetlana.scheduler:id/log_email_input']
21:38:30 ERROR config.AppiumListener - Problem-->An element could not be located on the page using the given search parameters.
For documentation on this error, please visit: https://www.seleniumhq.org/exceptions/no_such_element.html
Build info: version: '3.141.59', revision: 'e82be7d358', time: '2018-11-14T08:17:03'
System info: host: 'LAPTOP-44JBEN25', ip: '172.20.10.2', os.name: 'Windows 10', os.arch: 'amd64', os.version: '10.0', java.version: '1.8.0_301'
Driver info: io.appium.java_client.AppiumDriver
Capabilities {app: C:\Tools\v.0.0.3.apk, appActivity: .presentation.splashScreen...., appPackage: com.example.svetlana.scheduler, automationName: Appium, databaseEnabled: false, desired: {app: C:\Tools\v.0.0.3.apk, appActivity: .presentation.splashScreen...., appPackage: com.example.svetlana.scheduler, automationName: Appium, deviceName: Nexus_5, platformName: android, platformVersion: 8.0}, deviceApiLevel: 26, deviceManufacturer: Google, deviceModel: Android SDK built for x86, deviceName: emulator-5554, deviceScreenDensity: 480, deviceScreenSize: 1080x1920, deviceUDID: emulator-5554, javascriptEnabled: true, locationContextEnabled: false, networkConnectionEnabled: true, pixelRatio: 3, platform: LINUX, platformName: Android, platformVersion: 8.0.0, statBarHeight: 72, takesScreenshot: true, viewportRect: {height: 1704, left: 0, top: 72, width: 1080}, warnings: {}, webStorageEnabled: false}
Session ID: 0b5f5eb2-ee0e-4d7b-ade2-6b16e02f6031
*** Element info: {Using=xpath, value=//*[@resource-id='com.example.svetlana.scheduler:id/log_email_input']}[Ljava.lang.StackTraceElement;@57c95679
21:38:30 INFO  config.AppiumListener - Screen with error in file-->C:\Users\gorbu\Documents\GitHub\POM_Qa30_SuperScheduler\src\test\screenshots\scr2310.png
21:38:31 INFO  config.AppiumListener - Start find element-->By.xpath: //*[@resource-id='com.example.svetlana.scheduler:id/log_email_input']
21:38:31 INFO  config.AppiumListener - The element was found-->By.xpath: //*[@resource-id='com.example.svetlana.scheduler:id/log_email_input']
21:38:31 ERROR config.AppiumListener - Problem-->An element could not be located on the page using the given search parameters.
For documentation on this error, please visit: https://www.seleniumhq.org/exceptions/no_such_element.html
Build info: version: '3.141.59', revision: 'e82be7d358', time: '2018-11-14T08:17:03'
System info: host: 'LAPTOP-44JBEN25', ip: '172.20.10.2', os.name: 'Windows 10', os.arch: 'amd64', os.version: '10.0', java.version: '1.8.0_301'
Driver info: io.appium.java_client.AppiumDriver
Capabilities {app: C:\Tools\v.0.0.3.apk, appActivity: .presentation.splashScreen...., appPackage: com.example.svetlana.scheduler, automationName: Appium, databaseEnabled: false, desired: {app: C:\Tools\v.0.0.3.apk, appActivity: .presentation.splashScreen...., appPackage: com.example.svetlana.scheduler, automationName: Appium, deviceName: Nexus_5, platformName: android, platformVersion: 8.0}, deviceApiLevel: 26, deviceManufacturer: Google, deviceModel: Android SDK built for x86, deviceName: emulator-5554, deviceScreenDensity: 480, deviceScreenSize: 1080x1920, deviceUDID: emulator-5554, javascriptEnabled: true, locationContextEnabled: false, networkConnectionEnabled: true, pixelRatio: 3, platform: LINUX, platformName: Android, platformVersion: 8.0.0, statBarHeight: 72, takesScreenshot: true, viewportRect: {height: 1704, left: 0, top: 72, width: 1080}, warnings: {}, webStorageEnabled: false}
Session ID: 0b5f5eb2-ee0e-4d7b-ade2-6b16e02f6031
*** Element info: {Using=xpath, value=//*[@resource-id='com.example.svetlana.scheduler:id/log_email_input']}[Ljava.lang.StackTraceElement;@61c8dc9a
21:38:32 INFO  config.AppiumListener - Screen with error in file-->C:\Users\gorbu\Documents\GitHub\POM_Qa30_SuperScheduler\src\test\screenshots\scr2312.png
21:38:32 INFO  config.AppiumListener - Start find element-->By.xpath: //*[@resource-id='com.example.svetlana.scheduler:id/log_email_input']
21:38:33 INFO  config.AppiumListener - The element was found-->By.xpath: //*[@resource-id='com.example.svetlana.scheduler:id/log_email_input']
21:38:33 ERROR config.AppiumListener - Problem-->An element could not be located on the page using the given search parameters.
For documentation on this error, please visit: https://www.seleniumhq.org/exceptions/no_such_element.html
Build info: version: '3.141.59', revision: 'e82be7d358', time: '2018-11-14T08:17:03'
System info: host: 'LAPTOP-44JBEN25', ip: '172.20.10.2', os.name: 'Windows 10', os.arch: 'amd64', os.version: '10.0', java.version: '1.8.0_301'
Driver info: io.appium.java_client.AppiumDriver
Capabilities {app: C:\Tools\v.0.0.3.apk, appActivity: .presentation.splashScreen...., appPackage: com.example.svetlana.scheduler, automationName: Appium, databaseEnabled: false, desired: {app: C:\Tools\v.0.0.3.apk, appActivity: .presentation.splashScreen...., appPackage: com.example.svetlana.scheduler, automationName: Appium, deviceName: Nexus_5, platformName: android, platformVersion: 8.0}, deviceApiLevel: 26, deviceManufacturer: Google, deviceModel: Android SDK built for x86, deviceName: emulator-5554, deviceScreenDensity: 480, deviceScreenSize: 1080x1920, deviceUDID: emulator-5554, javascriptEnabled: true, locationContextEnabled: false, networkConnectionEnabled: true, pixelRatio: 3, platform: LINUX, platformName: Android, platformVersion: 8.0.0, statBarHeight: 72, takesScreenshot: true, viewportRect: {height: 1704, left: 0, top: 72, width: 1080}, warnings: {}, webStorageEnabled: false}
Session ID: 0b5f5eb2-ee0e-4d7b-ade2-6b16e02f6031
*** Element info: {Using=xpath, value=//*[@resource-id='com.example.svetlana.scheduler:id/log_email_input']}[Ljava.lang.StackTraceElement;@6ffad992
21:38:33 INFO  config.AppiumListener - Screen with error in file-->C:\Users\gorbu\Documents\GitHub\POM_Qa30_SuperScheduler\src\test\screenshots\scr2313.png
21:38:34 INFO  config.AppiumListener - Start find element-->By.xpath: //*[@resource-id='com.example.svetlana.scheduler:id/log_email_input']
21:38:34 INFO  config.AppiumListener - The element was found-->By.xpath: //*[@resource-id='com.example.svetlana.scheduler:id/log_email_input']
21:38:34 ERROR config.AppiumListener - Problem-->An element could not be located on the page using the given search parameters.
For documentation on this error, please visit: https://www.seleniumhq.org/exceptions/no_such_element.html
Build info: version: '3.141.59', revision: 'e82be7d358', time: '2018-11-14T08:17:03'
System info: host: 'LAPTOP-44JBEN25', ip: '172.20.10.2', os.name: 'Windows 10', os.arch: 'amd64', os.version: '10.0', java.version: '1.8.0_301'
Driver info: io.appium.java_client.AppiumDriver
Capabilities {app: C:\Tools\v.0.0.3.apk, appActivity: .presentation.splashScreen...., appPackage: com.example.svetlana.scheduler, automationName: Appium, databaseEnabled: false, desired: {app: C:\Tools\v.0.0.3.apk, appActivity: .presentation.splashScreen...., appPackage: com.example.svetlana.scheduler, automationName: Appium, deviceName: Nexus_5, platformName: android, platformVersion: 8.0}, deviceApiLevel: 26, deviceManufacturer: Google, deviceModel: Android SDK built for x86, deviceName: emulator-5554, deviceScreenDensity: 480, deviceScreenSize: 1080x1920, deviceUDID: emulator-5554, javascriptEnabled: true, locationContextEnabled: false, networkConnectionEnabled: true, pixelRatio: 3, platform: LINUX, platformName: Android, platformVersion: 8.0.0, statBarHeight: 72, takesScreenshot: true, viewportRect: {height: 1704, left: 0, top: 72, width: 1080}, warnings: {}, webStorageEnabled: false}
Session ID: 0b5f5eb2-ee0e-4d7b-ade2-6b16e02f6031
*** Element info: {Using=xpath, value=//*[@resource-id='com.example.svetlana.scheduler:id/log_email_input']}[Ljava.lang.StackTraceElement;@34ef2179
21:38:35 INFO  config.AppiumListener - Screen with error in file-->C:\Users\gorbu\Documents\GitHub\POM_Qa30_SuperScheduler\src\test\screenshots\scr2315.png
21:38:35 INFO  config.AppiumListener - Start find element-->By.xpath: //*[@resource-id='com.example.svetlana.scheduler:id/log_email_input']
21:38:35 INFO  config.AppiumListener - The element was found-->By.xpath: //*[@resource-id='com.example.svetlana.scheduler:id/log_email_input']
21:38:35 ERROR config.AppiumListener - Problem-->An element could not be located on the page using the given search parameters.
For documentation on this error, please visit: https://www.seleniumhq.org/exceptions/no_such_element.html
Build info: version: '3.141.59', revision: 'e82be7d358', time: '2018-11-14T08:17:03'
System info: host: 'LAPTOP-44JBEN25', ip: '172.20.10.2', os.name: 'Windows 10', os.arch: 'amd64', os.version: '10.0', java.version: '1.8.0_301'
Driver info: io.appium.java_client.AppiumDriver
Capabilities {app: C:\Tools\v.0.0.3.apk, appActivity: .presentation.splashScreen...., appPackage: com.example.svetlana.scheduler, automationName: Appium, databaseEnabled: false, desired: {app: C:\Tools\v.0.0.3.apk, appActivity: .presentation.splashScreen...., appPackage: com.example.svetlana.scheduler, automationName: Appium, deviceName: Nexus_5, platformName: android, platformVersion: 8.0}, deviceApiLevel: 26, deviceManufacturer: Google, deviceModel: Android SDK built for x86, deviceName: emulator-5554, deviceScreenDensity: 480, deviceScreenSize: 1080x1920, deviceUDID: emulator-5554, javascriptEnabled: true, locationContextEnabled: false, networkConnectionEnabled: true, pixelRatio: 3, platform: LINUX, platformName: Android, platformVersion: 8.0.0, statBarHeight: 72, takesScreenshot: true, viewportRect: {height: 1704, left: 0, top: 72, width: 1080}, warnings: {}, webStorageEnabled: false}
Session ID: 0b5f5eb2-ee0e-4d7b-ade2-6b16e02f6031
*** Element info: {Using=xpath, value=//*[@resource-id='com.example.svetlana.scheduler:id/log_email_input']}[Ljava.lang.StackTraceElement;@2ad29b19
21:38:36 INFO  config.AppiumListener - Screen with error in file-->C:\Users\gorbu\Documents\GitHub\POM_Qa30_SuperScheduler\src\test\screenshots\scr2316.png
21:38:36 INFO  config.ConfigurationScheduler - Finish the Test-->logOut
21:38:36 INFO  config.ConfigurationScheduler - Start test-->loginComplexTestNegative
21:38:36 INFO  config.ConfigurationScheduler - Test loginDtoNeg starts with email -your2@gmail.com
21:38:36 INFO  config.ConfigurationScheduler - Test loginDtoNeg starts with password -Yy123456
21:38:36 INFO  config.AppiumListener - Start find element-->By.xpath: //*[@resource-id='com.example.svetlana.scheduler:id/log_email_input']
21:38:36 INFO  config.AppiumListener - The element was found-->By.xpath: //*[@resource-id='com.example.svetlana.scheduler:id/log_email_input']
21:38:36 ERROR config.AppiumListener - Problem-->An element could not be located on the page using the given search parameters.
For documentation on this error, please visit: https://www.seleniumhq.org/exceptions/no_such_element.html
Build info: version: '3.141.59', revision: 'e82be7d358', time: '2018-11-14T08:17:03'
System info: host: 'LAPTOP-44JBEN25', ip: '172.20.10.2', os.name: 'Windows 10', os.arch: 'amd64', os.version: '10.0', java.version: '1.8.0_301'
Driver info: io.appium.java_client.AppiumDriver
Capabilities {app: C:\Tools\v.0.0.3.apk, appActivity: .presentation.splashScreen...., appPackage: com.example.svetlana.scheduler, automationName: Appium, databaseEnabled: false, desired: {app: C:\Tools\v.0.0.3.apk, appActivity: .presentation.splashScreen...., appPackage: com.example.svetlana.scheduler, automationName: Appium, deviceName: Nexus_5, platformName: android, platformVersion: 8.0}, deviceApiLevel: 26, deviceManufacturer: Google, deviceModel: Android SDK built for x86, deviceName: emulator-5554, deviceScreenDensity: 480, deviceScreenSize: 1080x1920, deviceUDID: emulator-5554, javascriptEnabled: true, locationContextEnabled: false, networkConnectionEnabled: true, pixelRatio: 3, platform: LINUX, platformName: Android, platformVersion: 8.0.0, statBarHeight: 72, takesScreenshot: true, viewportRect: {height: 1704, left: 0, top: 72, width: 1080}, warnings: {}, webStorageEnabled: false}
Session ID: 0b5f5eb2-ee0e-4d7b-ade2-6b16e02f6031
*** Element info: {Using=xpath, value=//*[@resource-id='com.example.svetlana.scheduler:id/log_email_input']}[Ljava.lang.StackTraceElement;@4250cbeb
21:38:37 INFO  config.AppiumListener - Screen with error in file-->C:\Users\gorbu\Documents\GitHub\POM_Qa30_SuperScheduler\src\test\screenshots\scr2317.png
21:38:37 INFO  config.AppiumListener - Start find element-->By.xpath: //*[@resource-id='com.example.svetlana.scheduler:id/log_email_input']
21:38:38 INFO  config.AppiumListener - The element was found-->By.xpath: //*[@resource-id='com.example.svetlana.scheduler:id/log_email_input']
21:38:38 ERROR config.AppiumListener - Problem-->An element could not be located on the page using the given search parameters.
For documentation on this error, please visit: https://www.seleniumhq.org/exceptions/no_such_element.html
Build info: version: '3.141.59', revision: 'e82be7d358', time: '2018-11-14T08:17:03'
System info: host: 'LAPTOP-44JBEN25', ip: '172.20.10.2', os.name: 'Windows 10', os.arch: 'amd64', os.version: '10.0', java.version: '1.8.0_301'
Driver info: io.appium.java_client.AppiumDriver
Capabilities {app: C:\Tools\v.0.0.3.apk, appActivity: .presentation.splashScreen...., appPackage: com.example.svetlana.scheduler, automationName: Appium, databaseEnabled: false, desired: {app: C:\Tools\v.0.0.3.apk, appActivity: .presentation.splashScreen...., appPackage: com.example.svetlana.scheduler, automationName: Appium, deviceName: Nexus_5, platformName: android, platformVersion: 8.0}, deviceApiLevel: 26, deviceManufacturer: Google, deviceModel: Android SDK built for x86, deviceName: emulator-5554, deviceScreenDensity: 480, deviceScreenSize: 1080x1920, deviceUDID: emulator-5554, javascriptEnabled: true, locationContextEnabled: false, networkConnectionEnabled: true, pixelRatio: 3, platform: LINUX, platformName: Android, platformVersion: 8.0.0, statBarHeight: 72, takesScreenshot: true, viewportRect: {height: 1704, left: 0, top: 72, width: 1080}, warnings: {}, webStorageEnabled: false}
Session ID: 0b5f5eb2-ee0e-4d7b-ade2-6b16e02f6031
*** Element info: {Using=xpath, value=//*[@resource-id='com.example.svetlana.scheduler:id/log_email_input']}[Ljava.lang.StackTraceElement;@19fd29b7
21:38:38 INFO  config.AppiumListener - Screen with error in file-->C:\Users\gorbu\Documents\GitHub\POM_Qa30_SuperScheduler\src\test\screenshots\scr2318.png
21:38:39 INFO  config.AppiumListener - Start find element-->By.xpath: //*[@resource-id='com.example.svetlana.scheduler:id/log_email_input']
21:38:39 INFO  config.AppiumListener - The element was found-->By.xpath: //*[@resource-id='com.example.svetlana.scheduler:id/log_email_input']
21:38:39 ERROR config.AppiumListener - Problem-->An element could not be located on the page using the given search parameters.
For documentation on this error, please visit: https://www.seleniumhq.org/exceptions/no_such_element.html
Build info: version: '3.141.59', revision: 'e82be7d358', time: '2018-11-14T08:17:03'
System info: host: 'LAPTOP-44JBEN25', ip: '172.20.10.2', os.name: 'Windows 10', os.arch: 'amd64', os.version: '10.0', java.version: '1.8.0_301'
Driver info: io.appium.java_client.AppiumDriver
Capabilities {app: C:\Tools\v.0.0.3.apk, appActivity: .presentation.splashScreen...., appPackage: com.example.svetlana.scheduler, automationName: Appium, databaseEnabled: false, desired: {app: C:\Tools\v.0.0.3.apk, appActivity: .presentation.splashScreen...., appPackage: com.example.svetlana.scheduler, automationName: Appium, deviceName: Nexus_5, platformName: android, platformVersion: 8.0}, deviceApiLevel: 26, deviceManufacturer: Google, deviceModel: Android SDK built for x86, deviceName: emulator-5554, deviceScreenDensity: 480, deviceScreenSize: 1080x1920, deviceUDID: emulator-5554, javascriptEnabled: true, locationContextEnabled: false, networkConnectionEnabled: true, pixelRatio: 3, platform: LINUX, platformName: Android, platformVersion: 8.0.0, statBarHeight: 72, takesScreenshot: true, viewportRect: {height: 1704, left: 0, top: 72, width: 1080}, warnings: {}, webStorageEnabled: false}
Session ID: 0b5f5eb2-ee0e-4d7b-ade2-6b16e02f6031
*** Element info: {Using=xpath, value=//*[@resource-id='com.example.svetlana.scheduler:id/log_email_input']}[Ljava.lang.StackTraceElement;@2fc2386d
21:38:40 INFO  config.AppiumListener - Screen with error in file-->C:\Users\gorbu\Documents\GitHub\POM_Qa30_SuperScheduler\src\test\screenshots\scr2320.png
21:38:40 INFO  config.AppiumListener - Start find element-->By.xpath: //*[@resource-id='com.example.svetlana.scheduler:id/log_email_input']
21:38:40 INFO  config.AppiumListener - The element was found-->By.xpath: //*[@resource-id='com.example.svetlana.scheduler:id/log_email_input']
21:38:40 ERROR config.AppiumListener - Problem-->An element could not be located on the page using the given search parameters.
For documentation on this error, please visit: https://www.seleniumhq.org/exceptions/no_such_element.html
Build info: version: '3.141.59', revision: 'e82be7d358', time: '2018-11-14T08:17:03'
System info: host: 'LAPTOP-44JBEN25', ip: '172.20.10.2', os.name: 'Windows 10', os.arch: 'amd64', os.version: '10.0', java.version: '1.8.0_301'
Driver info: io.appium.java_client.AppiumDriver
Capabilities {app: C:\Tools\v.0.0.3.apk, appActivity: .presentation.splashScreen...., appPackage: com.example.svetlana.scheduler, automationName: Appium, databaseEnabled: false, desired: {app: C:\Tools\v.0.0.3.apk, appActivity: .presentation.splashScreen...., appPackage: com.example.svetlana.scheduler, automationName: Appium, deviceName: Nexus_5, platformName: android, platformVersion: 8.0}, deviceApiLevel: 26, deviceManufacturer: Google, deviceModel: Android SDK built for x86, deviceName: emulator-5554, deviceScreenDensity: 480, deviceScreenSize: 1080x1920, deviceUDID: emulator-5554, javascriptEnabled: true, locationContextEnabled: false, networkConnectionEnabled: true, pixelRatio: 3, platform: LINUX, platformName: Android, platformVersion: 8.0.0, statBarHeight: 72, takesScreenshot: true, viewportRect: {height: 1704, left: 0, top: 72, width: 1080}, warnings: {}, webStorageEnabled: false}
Session ID: 0b5f5eb2-ee0e-4d7b-ade2-6b16e02f6031
*** Element info: {Using=xpath, value=//*[@resource-id='com.example.svetlana.scheduler:id/log_email_input']}[Ljava.lang.StackTraceElement;@bd354ca
21:38:41 INFO  config.AppiumListener - Screen with error in file-->C:\Users\gorbu\Documents\GitHub\POM_Qa30_SuperScheduler\src\test\screenshots\scr2321.png
21:38:42 INFO  config.AppiumListener - Start find element-->By.xpath: //*[@resource-id='com.example.svetlana.scheduler:id/log_email_input']
21:38:42 INFO  config.AppiumListener - The element was found-->By.xpath: //*[@resource-id='com.example.svetlana.scheduler:id/log_email_input']
21:38:42 ERROR config.AppiumListener - Problem-->An element could not be located on the page using the given search parameters.
For documentation on this error, please visit: https://www.seleniumhq.org/exceptions/no_such_element.html
Build info: version: '3.141.59', revision: 'e82be7d358', time: '2018-11-14T08:17:03'
System info: host: 'LAPTOP-44JBEN25', ip: '172.20.10.2', os.name: 'Windows 10', os.arch: 'amd64', os.version: '10.0', java.version: '1.8.0_301'
Driver info: io.appium.java_client.AppiumDriver
Capabilities {app: C:\Tools\v.0.0.3.apk, appActivity: .presentation.splashScreen...., appPackage: com.example.svetlana.scheduler, automationName: Appium, databaseEnabled: false, desired: {app: C:\Tools\v.0.0.3.apk, appActivity: .presentation.splashScreen...., appPackage: com.example.svetlana.scheduler, automationName: Appium, deviceName: Nexus_5, platformName: android, platformVersion: 8.0}, deviceApiLevel: 26, deviceManufacturer: Google, deviceModel: Android SDK built for x86, deviceName: emulator-5554, deviceScreenDensity: 480, deviceScreenSize: 1080x1920, deviceUDID: emulator-5554, javascriptEnabled: true, locationContextEnabled: false, networkConnectionEnabled: true, pixelRatio: 3, platform: LINUX, platformName: Android, platformVersion: 8.0.0, statBarHeight: 72, takesScreenshot: true, viewportRect: {height: 1704, left: 0, top: 72, width: 1080}, warnings: {}, webStorageEnabled: false}
Session ID: 0b5f5eb2-ee0e-4d7b-ade2-6b16e02f6031
*** Element info: {Using=xpath, value=//*[@resource-id='com.example.svetlana.scheduler:id/log_email_input']}[Ljava.lang.StackTraceElement;@5116ab8a
21:38:42 INFO  config.AppiumListener - Screen with error in file-->C:\Users\gorbu\Documents\GitHub\POM_Qa30_SuperScheduler\src\test\screenshots\scr2322.png
21:38:43 INFO  config.AppiumListener - Start find element-->By.xpath: //*[@resource-id='com.example.svetlana.scheduler:id/log_email_input']
21:38:43 INFO  config.AppiumListener - The element was found-->By.xpath: //*[@resource-id='com.example.svetlana.scheduler:id/log_email_input']
21:38:43 ERROR config.AppiumListener - Problem-->An element could not be located on the page using the given search parameters.
For documentation on this error, please visit: https://www.seleniumhq.org/exceptions/no_such_element.html
Build info: version: '3.141.59', revision: 'e82be7d358', time: '2018-11-14T08:17:03'
System info: host: 'LAPTOP-44JBEN25', ip: '172.20.10.2', os.name: 'Windows 10', os.arch: 'amd64', os.version: '10.0', java.version: '1.8.0_301'
Driver info: io.appium.java_client.AppiumDriver
Capabilities {app: C:\Tools\v.0.0.3.apk, appActivity: .presentation.splashScreen...., appPackage: com.example.svetlana.scheduler, automationName: Appium, databaseEnabled: false, desired: {app: C:\Tools\v.0.0.3.apk, appActivity: .presentation.splashScreen...., appPackage: com.example.svetlana.scheduler, automationName: Appium, deviceName: Nexus_5, platformName: android, platformVersion: 8.0}, deviceApiLevel: 26, deviceManufacturer: Google, deviceModel: Android SDK built for x86, deviceName: emulator-5554, deviceScreenDensity: 480, deviceScreenSize: 1080x1920, deviceUDID: emulator-5554, javascriptEnabled: true, locationContextEnabled: false, networkConnectionEnabled: true, pixelRatio: 3, platform: LINUX, platformName: Android, platformVersion: 8.0.0, statBarHeight: 72, takesScreenshot: true, viewportRect: {height: 1704, left: 0, top: 72, width: 1080}, warnings: {}, webStorageEnabled: false}
Session ID: 0b5f5eb2-ee0e-4d7b-ade2-6b16e02f6031
*** Element info: {Using=xpath, value=//*[@resource-id='com.example.svetlana.scheduler:id/log_email_input']}[Ljava.lang.StackTraceElement;@6b48e7eb
21:38:44 INFO  config.AppiumListener - Screen with error in file-->C:\Users\gorbu\Documents\GitHub\POM_Qa30_SuperScheduler\src\test\screenshots\scr2324.png
21:38:44 INFO  config.AppiumListener - Start find element-->By.xpath: //*[@resource-id='com.example.svetlana.scheduler:id/log_email_input']
21:38:45 INFO  config.AppiumListener - The element was found-->By.xpath: //*[@resource-id='com.example.svetlana.scheduler:id/log_email_input']
21:38:45 ERROR config.AppiumListener - Problem-->An element could not be located on the page using the given search parameters.
For documentation on this error, please visit: https://www.seleniumhq.org/exceptions/no_such_element.html
Build info: version: '3.141.59', revision: 'e82be7d358', time: '2018-11-14T08:17:03'
System info: host: 'LAPTOP-44JBEN25', ip: '172.20.10.2', os.name: 'Windows 10', os.arch: 'amd64', os.version: '10.0', java.version: '1.8.0_301'
Driver info: io.appium.java_client.AppiumDriver
Capabilities {app: C:\Tools\v.0.0.3.apk, appActivity: .presentation.splashScreen...., appPackage: com.example.svetlana.scheduler, automationName: Appium, databaseEnabled: false, desired: {app: C:\Tools\v.0.0.3.apk, appActivity: .presentation.splashScreen...., appPackage: com.example.svetlana.scheduler, automationName: Appium, deviceName: Nexus_5, platformName: android, platformVersion: 8.0}, deviceApiLevel: 26, deviceManufacturer: Google, deviceModel: Android SDK built for x86, deviceName: emulator-5554, deviceScreenDensity: 480, deviceScreenSize: 1080x1920, deviceUDID: emulator-5554, javascriptEnabled: true, locationContextEnabled: false, networkConnectionEnabled: true, pixelRatio: 3, platform: LINUX, platformName: Android, platformVersion: 8.0.0, statBarHeight: 72, takesScreenshot: true, viewportRect: {height: 1704, left: 0, top: 72, width: 1080}, warnings: {}, webStorageEnabled: false}
Session ID: 0b5f5eb2-ee0e-4d7b-ade2-6b16e02f6031
*** Element info: {Using=xpath, value=//*[@resource-id='com.example.svetlana.scheduler:id/log_email_input']}[Ljava.lang.StackTraceElement;@7c57e82c
21:38:45 INFO  config.AppiumListener - Screen with error in file-->C:\Users\gorbu\Documents\GitHub\POM_Qa30_SuperScheduler\src\test\screenshots\scr2325.png
21:38:46 INFO  config.AppiumListener - Start find element-->By.xpath: //*[@resource-id='com.example.svetlana.scheduler:id/log_email_input']
21:38:46 INFO  config.AppiumListener - The element was found-->By.xpath: //*[@resource-id='com.example.svetlana.scheduler:id/log_email_input']
21:38:46 ERROR config.AppiumListener - Problem-->An element could not be located on the page using the given search parameters.
For documentation on this error, please visit: https://www.seleniumhq.org/exceptions/no_such_element.html
Build info: version: '3.141.59', revision: 'e82be7d358', time: '2018-11-14T08:17:03'
System info: host: 'LAPTOP-44JBEN25', ip: '172.20.10.2', os.name: 'Windows 10', os.arch: 'amd64', os.version: '10.0', java.version: '1.8.0_301'
Driver info: io.appium.java_client.AppiumDriver
Capabilities {app: C:\Tools\v.0.0.3.apk, appActivity: .presentation.splashScreen...., appPackage: com.example.svetlana.scheduler, automationName: Appium, databaseEnabled: false, desired: {app: C:\Tools\v.0.0.3.apk, appActivity: .presentation.splashScreen...., appPackage: com.example.svetlana.scheduler, automationName: Appium, deviceName: Nexus_5, platformName: android, platformVersion: 8.0}, deviceApiLevel: 26, deviceManufacturer: Google, deviceModel: Android SDK built for x86, deviceName: emulator-5554, deviceScreenDensity: 480, deviceScreenSize: 1080x1920, deviceUDID: emulator-5554, javascriptEnabled: true, locationContextEnabled: false, networkConnectionEnabled: true, pixelRatio: 3, platform: LINUX, platformName: Android, platformVersion: 8.0.0, statBarHeight: 72, takesScreenshot: true, viewportRect: {height: 1704, left: 0, top: 72, width: 1080}, warnings: {}, webStorageEnabled: false}
Session ID: 0b5f5eb2-ee0e-4d7b-ade2-6b16e02f6031
*** Element info: {Using=xpath, value=//*[@resource-id='com.example.svetlana.scheduler:id/log_email_input']}[Ljava.lang.StackTraceElement;@392554d3
21:38:46 INFO  config.AppiumListener - Screen with error in file-->C:\Users\gorbu\Documents\GitHub\POM_Qa30_SuperScheduler\src\test\screenshots\scr2326.png
21:38:47 INFO  config.AppiumListener - Start find element-->By.xpath: //*[@resource-id='com.example.svetlana.scheduler:id/log_email_input']
21:38:47 INFO  config.AppiumListener - The element was found-->By.xpath: //*[@resource-id='com.example.svetlana.scheduler:id/log_email_input']
21:38:47 ERROR config.AppiumListener - Problem-->An element could not be located on the page using the given search parameters.
For documentation on this error, please visit: https://www.seleniumhq.org/exceptions/no_such_element.html
Build info: version: '3.141.59', revision: 'e82be7d358', time: '2018-11-14T08:17:03'
System info: host: 'LAPTOP-44JBEN25', ip: '172.20.10.2', os.name: 'Windows 10', os.arch: 'amd64', os.version: '10.0', java.version: '1.8.0_301'
Driver info: io.appium.java_client.AppiumDriver
Capabilities {app: C:\Tools\v.0.0.3.apk, appActivity: .presentation.splashScreen...., appPackage: com.example.svetlana.scheduler, automationName: Appium, databaseEnabled: false, desired: {app: C:\Tools\v.0.0.3.apk, appActivity: .presentation.splashScreen...., appPackage: com.example.svetlana.scheduler, automationName: Appium, deviceName: Nexus_5, platformName: android, platformVersion: 8.0}, deviceApiLevel: 26, deviceManufacturer: Google, deviceModel: Android SDK built for x86, deviceName: emulator-5554, deviceScreenDensity: 480, deviceScreenSize: 1080x1920, deviceUDID: emulator-5554, javascriptEnabled: true, locationContextEnabled: false, networkConnectionEnabled: true, pixelRatio: 3, platform: LINUX, platformName: Android, platformVersion: 8.0.0, statBarHeight: 72, takesScreenshot: true, viewportRect: {height: 1704, left: 0, top: 72, width: 1080}, warnings: {}, webStorageEnabled: false}
Session ID: 0b5f5eb2-ee0e-4d7b-ade2-6b16e02f6031
*** Element info: {Using=xpath, value=//*[@resource-id='com.example.svetlana.scheduler:id/log_email_input']}[Ljava.lang.StackTraceElement;@56a3372e
21:38:48 INFO  config.AppiumListener - Screen with error in file-->C:\Users\gorbu\Documents\GitHub\POM_Qa30_SuperScheduler\src\test\screenshots\scr2328.png
21:38:48 INFO  config.AppiumListener - Start find element-->By.xpath: //*[@resource-id='com.example.svetlana.scheduler:id/log_email_input']
21:38:49 INFO  config.AppiumListener - The element was found-->By.xpath: //*[@resource-id='com.example.svetlana.scheduler:id/log_email_input']
21:38:49 ERROR config.AppiumListener - Problem-->An element could not be located on the page using the given search parameters.
For documentation on this error, please visit: https://www.seleniumhq.org/exceptions/no_such_element.html
Build info: version: '3.141.59', revision: 'e82be7d358', time: '2018-11-14T08:17:03'
System info: host: 'LAPTOP-44JBEN25', ip: '172.20.10.2', os.name: 'Windows 10', os.arch: 'amd64', os.version: '10.0', java.version: '1.8.0_301'
Driver info: io.appium.java_client.AppiumDriver
Capabilities {app: C:\Tools\v.0.0.3.apk, appActivity: .presentation.splashScreen...., appPackage: com.example.svetlana.scheduler, automationName: Appium, databaseEnabled: false, desired: {app: C:\Tools\v.0.0.3.apk, appActivity: .presentation.splashScreen...., appPackage: com.example.svetlana.scheduler, automationName: Appium, deviceName: Nexus_5, platformName: android, platformVersion: 8.0}, deviceApiLevel: 26, deviceManufacturer: Google, deviceModel: Android SDK built for x86, deviceName: emulator-5554, deviceScreenDensity: 480, deviceScreenSize: 1080x1920, deviceUDID: emulator-5554, javascriptEnabled: true, locationContextEnabled: false, networkConnectionEnabled: true, pixelRatio: 3, platform: LINUX, platformName: Android, platformVersion: 8.0.0, statBarHeight: 72, takesScreenshot: true, viewportRect: {height: 1704, left: 0, top: 72, width: 1080}, warnings: {}, webStorageEnabled: false}
Session ID: 0b5f5eb2-ee0e-4d7b-ade2-6b16e02f6031
*** Element info: {Using=xpath, value=//*[@resource-id='com.example.svetlana.scheduler:id/log_email_input']}[Ljava.lang.StackTraceElement;@3dd2bbf7
21:38:49 INFO  config.AppiumListener - Screen with error in file-->C:\Users\gorbu\Documents\GitHub\POM_Qa30_SuperScheduler\src\test\screenshots\scr2329.png
21:38:50 INFO  config.AppiumListener - Start find element-->By.xpath: //*[@resource-id='com.example.svetlana.scheduler:id/log_email_input']
21:38:50 INFO  config.AppiumListener - The element was found-->By.xpath: //*[@resource-id='com.example.svetlana.scheduler:id/log_email_input']
21:38:50 ERROR config.AppiumListener - Problem-->An element could not be located on the page using the given search parameters.
For documentation on this error, please visit: https://www.seleniumhq.org/exceptions/no_such_element.html
Build info: version: '3.141.59', revision: 'e82be7d358', time: '2018-11-14T08:17:03'
System info: host: 'LAPTOP-44JBEN25', ip: '172.20.10.2', os.name: 'Windows 10', os.arch: 'amd64', os.version: '10.0', java.version: '1.8.0_301'
Driver info: io.appium.java_client.AppiumDriver
Capabilities {app: C:\Tools\v.0.0.3.apk, appActivity: .presentation.splashScreen...., appPackage: com.example.svetlana.scheduler, automationName: Appium, databaseEnabled: false, desired: {app: C:\Tools\v.0.0.3.apk, appActivity: .presentation.splashScreen...., appPackage: com.example.svetlana.scheduler, automationName: Appium, deviceName: Nexus_5, platformName: android, platformVersion: 8.0}, deviceApiLevel: 26, deviceManufacturer: Google, deviceModel: Android SDK built for x86, deviceName: emulator-5554, deviceScreenDensity: 480, deviceScreenSize: 1080x1920, deviceUDID: emulator-5554, javascriptEnabled: true, locationContextEnabled: false, networkConnectionEnabled: true, pixelRatio: 3, platform: LINUX, platformName: Android, platformVersion: 8.0.0, statBarHeight: 72, takesScreenshot: true, viewportRect: {height: 1704, left: 0, top: 72, width: 1080}, warnings: {}, webStorageEnabled: false}
Session ID: 0b5f5eb2-ee0e-4d7b-ade2-6b16e02f6031
*** Element info: {Using=xpath, value=//*[@resource-id='com.example.svetlana.scheduler:id/log_email_input']}[Ljava.lang.StackTraceElement;@2b973328
21:38:51 INFO  config.AppiumListener - Screen with error in file-->C:\Users\gorbu\Documents\GitHub\POM_Qa30_SuperScheduler\src\test\screenshots\scr2331.png
21:38:51 INFO  config.AppiumListener - Start find element-->By.xpath: //*[@resource-id='com.example.svetlana.scheduler:id/log_email_input']
21:38:51 INFO  config.AppiumListener - The element was found-->By.xpath: //*[@resource-id='com.example.svetlana.scheduler:id/log_email_input']
21:38:51 ERROR config.AppiumListener - Problem-->An element could not be located on the page using the given search parameters.
For documentation on this error, please visit: https://www.seleniumhq.org/exceptions/no_such_element.html
Build info: version: '3.141.59', revision: 'e82be7d358', time: '2018-11-14T08:17:03'
System info: host: 'LAPTOP-44JBEN25', ip: '172.20.10.2', os.name: 'Windows 10', os.arch: 'amd64', os.version: '10.0', java.version: '1.8.0_301'
Driver info: io.appium.java_client.AppiumDriver
Capabilities {app: C:\Tools\v.0.0.3.apk, appActivity: .presentation.splashScreen...., appPackage: com.example.svetlana.scheduler, automationName: Appium, databaseEnabled: false, desired: {app: C:\Tools\v.0.0.3.apk, appActivity: .presentation.splashScreen...., appPackage: com.example.svetlana.scheduler, automationName: Appium, deviceName: Nexus_5, platformName: android, platformVersion: 8.0}, deviceApiLevel: 26, deviceManufacturer: Google, deviceModel: Android SDK built for x86, deviceName: emulator-5554, deviceScreenDensity: 480, deviceScreenSize: 1080x1920, deviceUDID: emulator-5554, javascriptEnabled: true, locationContextEnabled: false, networkConnectionEnabled: true, pixelRatio: 3, platform: LINUX, platformName: Android, platformVersion: 8.0.0, statBarHeight: 72, takesScreenshot: true, viewportRect: {height: 1704, left: 0, top: 72, width: 1080}, warnings: {}, webStorageEnabled: false}
Session ID: 0b5f5eb2-ee0e-4d7b-ade2-6b16e02f6031
*** Element info: {Using=xpath, value=//*[@resource-id='com.example.svetlana.scheduler:id/log_email_input']}[Ljava.lang.StackTraceElement;@7907ec87
21:38:52 INFO  config.AppiumListener - Screen with error in file-->C:\Users\gorbu\Documents\GitHub\POM_Qa30_SuperScheduler\src\test\screenshots\scr2332.png
21:38:52 INFO  config.AppiumListener - Start find element-->By.xpath: //*[@resource-id='com.example.svetlana.scheduler:id/log_email_input']
21:38:53 INFO  config.AppiumListener - The element was found-->By.xpath: //*[@resource-id='com.example.svetlana.scheduler:id/log_email_input']
21:38:53 ERROR config.AppiumListener - Problem-->An element could not be located on the page using the given search parameters.
For documentation on this error, please visit: https://www.seleniumhq.org/exceptions/no_such_element.html
Build info: version: '3.141.59', revision: 'e82be7d358', time: '2018-11-14T08:17:03'
System info: host: 'LAPTOP-44JBEN25', ip: '172.20.10.2', os.name: 'Windows 10', os.arch: 'amd64', os.version: '10.0', java.version: '1.8.0_301'
Driver info: io.appium.java_client.AppiumDriver
Capabilities {app: C:\Tools\v.0.0.3.apk, appActivity: .presentation.splashScreen...., appPackage: com.example.svetlana.scheduler, automationName: Appium, databaseEnabled: false, desired: {app: C:\Tools\v.0.0.3.apk, appActivity: .presentation.splashScreen...., appPackage: com.example.svetlana.scheduler, automationName: Appium, deviceName: Nexus_5, platformName: android, platformVersion: 8.0}, deviceApiLevel: 26, deviceManufacturer: Google, deviceModel: Android SDK built for x86, deviceName: emulator-5554, deviceScreenDensity: 480, deviceScreenSize: 1080x1920, deviceUDID: emulator-5554, javascriptEnabled: true, locationContextEnabled: false, networkConnectionEnabled: true, pixelRatio: 3, platform: LINUX, platformName: Android, platformVersion: 8.0.0, statBarHeight: 72, takesScreenshot: true, viewportRect: {height: 1704, left: 0, top: 72, width: 1080}, warnings: {}, webStorageEnabled: false}
Session ID: 0b5f5eb2-ee0e-4d7b-ade2-6b16e02f6031
*** Element info: {Using=xpath, value=//*[@resource-id='com.example.svetlana.scheduler:id/log_email_input']}[Ljava.lang.StackTraceElement;@6113961
21:38:53 INFO  config.AppiumListener - Screen with error in file-->C:\Users\gorbu\Documents\GitHub\POM_Qa30_SuperScheduler\src\test\screenshots\scr2333.png
21:38:54 INFO  config.AppiumListener - Start find element-->By.xpath: //*[@resource-id='com.example.svetlana.scheduler:id/log_email_input']
21:38:54 INFO  config.AppiumListener - The element was found-->By.xpath: //*[@resource-id='com.example.svetlana.scheduler:id/log_email_input']
21:38:54 ERROR config.AppiumListener - Problem-->An element could not be located on the page using the given search parameters.
For documentation on this error, please visit: https://www.seleniumhq.org/exceptions/no_such_element.html
Build info: version: '3.141.59', revision: 'e82be7d358', time: '2018-11-14T08:17:03'
System info: host: 'LAPTOP-44JBEN25', ip: '172.20.10.2', os.name: 'Windows 10', os.arch: 'amd64', os.version: '10.0', java.version: '1.8.0_301'
Driver info: io.appium.java_client.AppiumDriver
Capabilities {app: C:\Tools\v.0.0.3.apk, appActivity: .presentation.splashScreen...., appPackage: com.example.svetlana.scheduler, automationName: Appium, databaseEnabled: false, desired: {app: C:\Tools\v.0.0.3.apk, appActivity: .presentation.splashScreen...., appPackage: com.example.svetlana.scheduler, automationName: Appium, deviceName: Nexus_5, platformName: android, platformVersion: 8.0}, deviceApiLevel: 26, deviceManufacturer: Google, deviceModel: Android SDK built for x86, deviceName: emulator-5554, deviceScreenDensity: 480, deviceScreenSize: 1080x1920, deviceUDID: emulator-5554, javascriptEnabled: true, locationContextEnabled: false, networkConnectionEnabled: true, pixelRatio: 3, platform: LINUX, platformName: Android, platformVersion: 8.0.0, statBarHeight: 72, takesScreenshot: true, viewportRect: {height: 1704, left: 0, top: 72, width: 1080}, warnings: {}, webStorageEnabled: false}
Session ID: 0b5f5eb2-ee0e-4d7b-ade2-6b16e02f6031
*** Element info: {Using=xpath, value=//*[@resource-id='com.example.svetlana.scheduler:id/log_email_input']}[Ljava.lang.StackTraceElement;@73b8c410
21:38:55 INFO  config.AppiumListener - Screen with error in file-->C:\Users\gorbu\Documents\GitHub\POM_Qa30_SuperScheduler\src\test\screenshots\scr2335.png
21:38:55 INFO  config.AppiumListener - Start find element-->By.xpath: //*[@resource-id='com.example.svetlana.scheduler:id/log_email_input']
21:38:55 INFO  config.AppiumListener - The element was found-->By.xpath: //*[@resource-id='com.example.svetlana.scheduler:id/log_email_input']
21:38:55 ERROR config.AppiumListener - Problem-->An element could not be located on the page using the given search parameters.
For documentation on this error, please visit: https://www.seleniumhq.org/exceptions/no_such_element.html
Build info: version: '3.141.59', revision: 'e82be7d358', time: '2018-11-14T08:17:03'
System info: host: 'LAPTOP-44JBEN25', ip: '172.20.10.2', os.name: 'Windows 10', os.arch: 'amd64', os.version: '10.0', java.version: '1.8.0_301'
Driver info: io.appium.java_client.AppiumDriver
Capabilities {app: C:\Tools\v.0.0.3.apk, appActivity: .presentation.splashScreen...., appPackage: com.example.svetlana.scheduler, automationName: Appium, databaseEnabled: false, desired: {app: C:\Tools\v.0.0.3.apk, appActivity: .presentation.splashScreen...., appPackage: com.example.svetlana.scheduler, automationName: Appium, deviceName: Nexus_5, platformName: android, platformVersion: 8.0}, deviceApiLevel: 26, deviceManufacturer: Google, deviceModel: Android SDK built for x86, deviceName: emulator-5554, deviceScreenDensity: 480, deviceScreenSize: 1080x1920, deviceUDID: emulator-5554, javascriptEnabled: true, locationContextEnabled: false, networkConnectionEnabled: true, pixelRatio: 3, platform: LINUX, platformName: Android, platformVersion: 8.0.0, statBarHeight: 72, takesScreenshot: true, viewportRect: {height: 1704, left: 0, top: 72, width: 1080}, warnings: {}, webStorageEnabled: false}
Session ID: 0b5f5eb2-ee0e-4d7b-ade2-6b16e02f6031
*** Element info: {Using=xpath, value=//*[@resource-id='com.example.svetlana.scheduler:id/log_email_input']}[Ljava.lang.StackTraceElement;@3c0ee69b
21:38:56 INFO  config.AppiumListener - Screen with error in file-->C:\Users\gorbu\Documents\GitHub\POM_Qa30_SuperScheduler\src\test\screenshots\scr2336.png
21:38:57 INFO  config.AppiumListener - Start find element-->By.xpath: //*[@resource-id='com.example.svetlana.scheduler:id/log_email_input']
21:38:57 INFO  config.AppiumListener - The element was found-->By.xpath: //*[@resource-id='com.example.svetlana.scheduler:id/log_email_input']
21:38:57 ERROR config.AppiumListener - Problem-->An element could not be located on the page using the given search parameters.
For documentation on this error, please visit: https://www.seleniumhq.org/exceptions/no_such_element.html
Build info: version: '3.141.59', revision: 'e82be7d358', time: '2018-11-14T08:17:03'
System info: host: 'LAPTOP-44JBEN25', ip: '172.20.10.2', os.name: 'Windows 10', os.arch: 'amd64', os.version: '10.0', java.version: '1.8.0_301'
Driver info: io.appium.java_client.AppiumDriver
Capabilities {app: C:\Tools\v.0.0.3.apk, appActivity: .presentation.splashScreen...., appPackage: com.example.svetlana.scheduler, automationName: Appium, databaseEnabled: false, desired: {app: C:\Tools\v.0.0.3.apk, appActivity: .presentation.splashScreen...., appPackage: com.example.svetlana.scheduler, automationName: Appium, deviceName: Nexus_5, platformName: android, platformVersion: 8.0}, deviceApiLevel: 26, deviceManufacturer: Google, deviceModel: Android SDK built for x86, deviceName: emulator-5554, deviceScreenDensity: 480, deviceScreenSize: 1080x1920, deviceUDID: emulator-5554, javascriptEnabled: true, locationContextEnabled: false, networkConnectionEnabled: true, pixelRatio: 3, platform: LINUX, platformName: Android, platformVersion: 8.0.0, statBarHeight: 72, takesScreenshot: true, viewportRect: {height: 1704, left: 0, top: 72, width: 1080}, warnings: {}, webStorageEnabled: false}
Session ID: 0b5f5eb2-ee0e-4d7b-ade2-6b16e02f6031
*** Element info: {Using=xpath, value=//*[@resource-id='com.example.svetlana.scheduler:id/log_email_input']}[Ljava.lang.StackTraceElement;@4b6464a9
21:38:57 INFO  config.AppiumListener - Screen with error in file-->C:\Users\gorbu\Documents\GitHub\POM_Qa30_SuperScheduler\src\test\screenshots\scr2337.png
21:38:57 INFO  config.ConfigurationScheduler - Finish the Test-->loginComplexTestNegative
21:38:57 INFO  config.AppiumListener - Start find element-->By.xpath: //*[@resource-id='com.example.svetlana.scheduler:id/login_btn']
21:38:58 INFO  config.AppiumListener - The element was found-->By.xpath: //*[@resource-id='com.example.svetlana.scheduler:id/login_btn']
21:38:58 ERROR config.AppiumListener - Problem-->An element could not be located on the page using the given search parameters.
For documentation on this error, please visit: https://www.seleniumhq.org/exceptions/no_such_element.html
Build info: version: '3.141.59', revision: 'e82be7d358', time: '2018-11-14T08:17:03'
System info: host: 'LAPTOP-44JBEN25', ip: '172.20.10.2', os.name: 'Windows 10', os.arch: 'amd64', os.version: '10.0', java.version: '1.8.0_301'
Driver info: io.appium.java_client.AppiumDriver
Capabilities {app: C:\Tools\v.0.0.3.apk, appActivity: .presentation.splashScreen...., appPackage: com.example.svetlana.scheduler, automationName: Appium, databaseEnabled: false, desired: {app: C:\Tools\v.0.0.3.apk, appActivity: .presentation.splashScreen...., appPackage: com.example.svetlana.scheduler, automationName: Appium, deviceName: Nexus_5, platformName: android, platformVersion: 8.0}, deviceApiLevel: 26, deviceManufacturer: Google, deviceModel: Android SDK built for x86, deviceName: emulator-5554, deviceScreenDensity: 480, deviceScreenSize: 1080x1920, deviceUDID: emulator-5554, javascriptEnabled: true, locationContextEnabled: false, networkConnectionEnabled: true, pixelRatio: 3, platform: LINUX, platformName: Android, platformVersion: 8.0.0, statBarHeight: 72, takesScreenshot: true, viewportRect: {height: 1704, left: 0, top: 72, width: 1080}, warnings: {}, webStorageEnabled: false}
Session ID: 0b5f5eb2-ee0e-4d7b-ade2-6b16e02f6031
*** Element info: {Using=xpath, value=//*[@resource-id='com.example.svetlana.scheduler:id/login_btn']}[Ljava.lang.StackTraceElement;@7973bca
21:38:58 INFO  config.AppiumListener - Screen with error in file-->C:\Users\gorbu\Documents\GitHub\POM_Qa30_SuperScheduler\src\test\screenshots\scr2338.png
21:38:59 INFO  config.AppiumListener - Start find element-->By.xpath: //*[@resource-id='com.example.svetlana.scheduler:id/login_btn']
21:38:59 INFO  config.AppiumListener - The element was found-->By.xpath: //*[@resource-id='com.example.svetlana.scheduler:id/login_btn']
21:38:59 ERROR config.AppiumListener - Problem-->An element could not be located on the page using the given search parameters.
For documentation on this error, please visit: https://www.seleniumhq.org/exceptions/no_such_element.html
Build info: version: '3.141.59', revision: 'e82be7d358', time: '2018-11-14T08:17:03'
System info: host: 'LAPTOP-44JBEN25', ip: '172.20.10.2', os.name: 'Windows 10', os.arch: 'amd64', os.version: '10.0', java.version: '1.8.0_301'
Driver info: io.appium.java_client.AppiumDriver
Capabilities {app: C:\Tools\v.0.0.3.apk, appActivity: .presentation.splashScreen...., appPackage: com.example.svetlana.scheduler, automationName: Appium, databaseEnabled: false, desired: {app: C:\Tools\v.0.0.3.apk, appActivity: .presentation.splashScreen...., appPackage: com.example.svetlana.scheduler, automationName: Appium, deviceName: Nexus_5, platformName: android, platformVersion: 8.0}, deviceApiLevel: 26, deviceManufacturer: Google, deviceModel: Android SDK built for x86, deviceName: emulator-5554, deviceScreenDensity: 480, deviceScreenSize: 1080x1920, deviceUDID: emulator-5554, javascriptEnabled: true, locationContextEnabled: false, networkConnectionEnabled: true, pixelRatio: 3, platform: LINUX, platformName: Android, platformVersion: 8.0.0, statBarHeight: 72, takesScreenshot: true, viewportRect: {height: 1704, left: 0, top: 72, width: 1080}, warnings: {}, webStorageEnabled: false}
Session ID: 0b5f5eb2-ee0e-4d7b-ade2-6b16e02f6031
*** Element info: {Using=xpath, value=//*[@resource-id='com.example.svetlana.scheduler:id/login_btn']}[Ljava.lang.StackTraceElement;@4faed06a
21:39:00 INFO  config.AppiumListener - Screen with error in file-->C:\Users\gorbu\Documents\GitHub\POM_Qa30_SuperScheduler\src\test\screenshots\scr2340.png
21:39:00 INFO  config.AppiumListener - Start find element-->By.xpath: //android.widget.ImageButton[@content-desc='Open']
21:39:00 INFO  config.AppiumListener - The element was found-->By.xpath: //android.widget.ImageButton[@content-desc='Open']
21:39:00 ERROR config.AppiumListener - Problem-->An element could not be located on the page using the given search parameters.
For documentation on this error, please visit: https://www.seleniumhq.org/exceptions/no_such_element.html
Build info: version: '3.141.59', revision: 'e82be7d358', time: '2018-11-14T08:17:03'
System info: host: 'LAPTOP-44JBEN25', ip: '172.20.10.2', os.name: 'Windows 10', os.arch: 'amd64', os.version: '10.0', java.version: '1.8.0_301'
Driver info: io.appium.java_client.AppiumDriver
Capabilities {app: C:\Tools\v.0.0.3.apk, appActivity: .presentation.splashScreen...., appPackage: com.example.svetlana.scheduler, automationName: Appium, databaseEnabled: false, desired: {app: C:\Tools\v.0.0.3.apk, appActivity: .presentation.splashScreen...., appPackage: com.example.svetlana.scheduler, automationName: Appium, deviceName: Nexus_5, platformName: android, platformVersion: 8.0}, deviceApiLevel: 26, deviceManufacturer: Google, deviceModel: Android SDK built for x86, deviceName: emulator-5554, deviceScreenDensity: 480, deviceScreenSize: 1080x1920, deviceUDID: emulator-5554, javascriptEnabled: true, locationContextEnabled: false, networkConnectionEnabled: true, pixelRatio: 3, platform: LINUX, platformName: Android, platformVersion: 8.0.0, statBarHeight: 72, takesScreenshot: true, viewportRect: {height: 1704, left: 0, top: 72, width: 1080}, warnings: {}, webStorageEnabled: false}
Session ID: 0b5f5eb2-ee0e-4d7b-ade2-6b16e02f6031
*** Element info: {Using=xpath, value=//android.widget.ImageButton[@content-desc='Open']}[Ljava.lang.StackTraceElement;@36b62f87
21:39:01 INFO  config.AppiumListener - Screen with error in file-->C:\Users\gorbu\Documents\GitHub\POM_Qa30_SuperScheduler\src\test\screenshots\scr2341.png
21:39:01 INFO  config.AppiumListener - Start find element-->By.xpath: //android.widget.ImageButton[@content-desc='Open']
21:39:01 INFO  config.AppiumListener - The element was found-->By.xpath: //android.widget.ImageButton[@content-desc='Open']
21:39:01 ERROR config.AppiumListener - Problem-->An element could not be located on the page using the given search parameters.
For documentation on this error, please visit: https://www.seleniumhq.org/exceptions/no_such_element.html
Build info: version: '3.141.59', revision: 'e82be7d358', time: '2018-11-14T08:17:03'
System info: host: 'LAPTOP-44JBEN25', ip: '172.20.10.2', os.name: 'Windows 10', os.arch: 'amd64', os.version: '10.0', java.version: '1.8.0_301'
Driver info: io.appium.java_client.AppiumDriver
Capabilities {app: C:\Tools\v.0.0.3.apk, appActivity: .presentation.splashScreen...., appPackage: com.example.svetlana.scheduler, automationName: Appium, databaseEnabled: false, desired: {app: C:\Tools\v.0.0.3.apk, appActivity: .presentation.splashScreen...., appPackage: com.example.svetlana.scheduler, automationName: Appium, deviceName: Nexus_5, platformName: android, platformVersion: 8.0}, deviceApiLevel: 26, deviceManufacturer: Google, deviceModel: Android SDK built for x86, deviceName: emulator-5554, deviceScreenDensity: 480, deviceScreenSize: 1080x1920, deviceUDID: emulator-5554, javascriptEnabled: true, locationContextEnabled: false, networkConnectionEnabled: true, pixelRatio: 3, platform: LINUX, platformName: Android, platformVersion: 8.0.0, statBarHeight: 72, takesScreenshot: true, viewportRect: {height: 1704, left: 0, top: 72, width: 1080}, warnings: {}, webStorageEnabled: false}
Session ID: 0b5f5eb2-ee0e-4d7b-ade2-6b16e02f6031
*** Element info: {Using=xpath, value=//android.widget.ImageButton[@content-desc='Open']}[Ljava.lang.StackTraceElement;@27a148fe
21:39:02 INFO  config.AppiumListener - Screen with error in file-->C:\Users\gorbu\Documents\GitHub\POM_Qa30_SuperScheduler\src\test\screenshots\scr2342.png
