19:45:12 INFO  config.ListenerTestNg - LTestNg: on Start-->C:\Users\gorbu\Documents\GitHub\POM_Qa30_SuperScheduler\build\reports\tests\test\Gradle suite
19:45:12 INFO  config.ListenerTestNg - LTestNg: on Start-->Gradle test
19:45:12 INFO  config.ConfigurationScheduler - Start test-->loginComplexTestNegative
19:45:12 INFO  config.ListenerTestNg - LTestNg: Start test getTestName-->null
19:45:12 INFO  config.ListenerTestNg - LTestNg: Start test getStatus-->16
19:45:12 INFO  config.ListenerTestNg - LTestNg: Start test getTestClass-->[TestClass name=class scheduler.LoginTest]
19:45:12 INFO  config.ListenerTestNg - LTestNg: Start test getName-->loginComplexTestNegative
19:45:12 INFO  config.ConfigurationScheduler - Test loginDtoNeg starts with email -your2@gmail.com
19:45:12 INFO  config.ConfigurationScheduler - Test loginDtoNeg starts with password -Yy123456
19:45:20 INFO  config.ConfigurationScheduler - Finish the Test-->loginComplexTestNegative
19:45:21 INFO  config.ListenerTestNg - LTestNg: Start test getTestName-->null
19:45:21 INFO  config.ListenerTestNg - LTestNg: Start test getStatus-->16
19:45:21 INFO  config.ListenerTestNg - LTestNg: Start test getTestClass-->[TestClass name=class scheduler.LoginTest]
19:45:21 INFO  config.ListenerTestNg - LTestNg: Start test getName-->loginComplexTestPositive
19:45:21 INFO  config.ListenerTestNg - LTestNg: Start test getTestName-->null
19:45:21 INFO  config.ListenerTestNg - LTestNg: Start test getTestName-->null
19:45:21 INFO  config.ListenerTestNg - LTestNg: Start test getStatus-->16
19:45:21 INFO  config.ListenerTestNg - LTestNg: Start test getTestClass-->[TestClass name=class scheduler.LoginTest]
19:45:21 INFO  config.ListenerTestNg - LTestNg: Start test getName-->loginFromFileTestNegative
19:45:21 INFO  config.ListenerTestNg - LTestNg: Start test getTestName-->null
19:45:21 INFO  config.ListenerTestNg - LTestNg: Start test getTestName-->null
19:45:21 INFO  config.ListenerTestNg - LTestNg: Start test getStatus-->16
19:45:21 INFO  config.ListenerTestNg - LTestNg: Start test getTestClass-->[TestClass name=class scheduler.LoginTest]
19:45:21 INFO  config.ListenerTestNg - LTestNg: Start test getName-->loginFromFileTestPositive
19:45:21 INFO  config.ListenerTestNg - LTestNg: Start test getTestName-->null
19:45:21 INFO  config.ListenerTestNg - LTestNg: Start test getTestName-->null
19:45:21 INFO  config.ListenerTestNg - LTestNg: Start test getStatus-->16
19:45:21 INFO  config.ListenerTestNg - LTestNg: Start test getTestClass-->[TestClass name=class scheduler.LoginTest]
19:45:21 INFO  config.ListenerTestNg - LTestNg: Start test getName-->loginStartLoginScreen
19:45:21 INFO  config.ListenerTestNg - LTestNg: Start test getTestName-->null
19:45:21 INFO  config.ListenerTestNg - LTestNg: Start test getTestName-->null
19:45:21 INFO  config.ListenerTestNg - LTestNg: Start test getStatus-->16
19:45:21 INFO  config.ListenerTestNg - LTestNg: Start test getTestClass-->[TestClass name=class scheduler.LoginTest]
19:45:21 INFO  config.ListenerTestNg - LTestNg: Start test getName-->loginSuccessTest
19:45:21 INFO  config.ListenerTestNg - LTestNg: Start test getTestName-->null
